mode: set
github.com/FalkorDB/redis_exporter/exporter/aof.go:12.77,15.16 2 0
github.com/FalkorDB/redis_exporter/exporter/aof.go:15.16,17.3 1 0
github.com/FalkorDB/redis_exporter/exporter/aof.go:18.2,21.16 4 0
github.com/FalkorDB/redis_exporter/exporter/aof.go:21.16,23.3 1 0
github.com/FalkorDB/redis_exporter/exporter/aof.go:25.2,25.39 1 0
github.com/FalkorDB/redis_exporter/exporter/aof.go:28.53,33.16 2 0
github.com/FalkorDB/redis_exporter/exporter/aof.go:33.16,35.3 1 0
github.com/FalkorDB/redis_exporter/exporter/aof.go:37.2,38.29 2 0
github.com/FalkorDB/redis_exporter/exporter/aof.go:38.29,39.48 1 0
github.com/FalkorDB/redis_exporter/exporter/aof.go:39.48,41.4 1 0
github.com/FalkorDB/redis_exporter/exporter/aof.go:44.2,44.23 1 0
github.com/FalkorDB/redis_exporter/exporter/aof.go:47.60,50.16 2 0
github.com/FalkorDB/redis_exporter/exporter/aof.go:50.16,52.3 1 0
github.com/FalkorDB/redis_exporter/exporter/aof.go:54.2,54.34 1 0
github.com/FalkorDB/redis_exporter/exporter/aof.go:58.143,65.31 4 0
github.com/FalkorDB/redis_exporter/exporter/aof.go:65.31,67.3 1 0
github.com/FalkorDB/redis_exporter/exporter/aof.go:67.8,69.17 2 0
github.com/FalkorDB/redis_exporter/exporter/aof.go:69.17,72.4 2 0
github.com/FalkorDB/redis_exporter/exporter/aof.go:75.2,77.16 3 0
github.com/FalkorDB/redis_exporter/exporter/aof.go:77.16,80.3 2 0
github.com/FalkorDB/redis_exporter/exporter/aof.go:82.2,82.33 1 0
github.com/FalkorDB/redis_exporter/exporter/aof.go:82.33,85.17 3 0
github.com/FalkorDB/redis_exporter/exporter/aof.go:85.17,87.12 2 0
github.com/FalkorDB/redis_exporter/exporter/aof.go:89.3,90.72 2 0
github.com/FalkorDB/redis_exporter/exporter/clients.go:45.67,46.45 1 0
github.com/FalkorDB/redis_exporter/exporter/clients.go:46.45,48.3 1 0
github.com/FalkorDB/redis_exporter/exporter/clients.go:49.2,52.56 4 0
github.com/FalkorDB/redis_exporter/exporter/clients.go:52.56,54.22 2 0
github.com/FalkorDB/redis_exporter/exporter/clients.go:54.22,57.4 2 0
github.com/FalkorDB/redis_exporter/exporter/clients.go:59.3,59.19 1 0
github.com/FalkorDB/redis_exporter/exporter/clients.go:60.13,61.33 1 0
github.com/FalkorDB/redis_exporter/exporter/clients.go:62.15,63.35 1 0
github.com/FalkorDB/redis_exporter/exporter/clients.go:64.15,65.35 1 0
github.com/FalkorDB/redis_exporter/exporter/clients.go:66.14,68.18 2 0
github.com/FalkorDB/redis_exporter/exporter/clients.go:68.18,71.5 2 0
github.com/FalkorDB/redis_exporter/exporter/clients.go:72.4,72.41 1 0
github.com/FalkorDB/redis_exporter/exporter/clients.go:73.15,75.18 2 0
github.com/FalkorDB/redis_exporter/exporter/clients.go:75.18,78.5 2 0
github.com/FalkorDB/redis_exporter/exporter/clients.go:79.4,79.43 1 0
github.com/FalkorDB/redis_exporter/exporter/clients.go:80.16,81.36 1 0
github.com/FalkorDB/redis_exporter/exporter/clients.go:82.13,83.33 1 0
github.com/FalkorDB/redis_exporter/exporter/clients.go:84.14,85.63 1 0
github.com/FalkorDB/redis_exporter/exporter/clients.go:86.15,87.64 1 0
github.com/FalkorDB/redis_exporter/exporter/clients.go:88.15,89.64 1 0
github.com/FalkorDB/redis_exporter/exporter/clients.go:90.16,91.65 1 0
github.com/FalkorDB/redis_exporter/exporter/clients.go:92.15,93.64 1 0
github.com/FalkorDB/redis_exporter/exporter/clients.go:94.20,95.68 1 0
github.com/FalkorDB/redis_exporter/exporter/clients.go:96.14,97.63 1 0
github.com/FalkorDB/redis_exporter/exporter/clients.go:98.14,99.63 1 0
github.com/FalkorDB/redis_exporter/exporter/clients.go:100.15,101.64 1 0
github.com/FalkorDB/redis_exporter/exporter/clients.go:102.18,103.66 1 0
github.com/FalkorDB/redis_exporter/exporter/clients.go:104.15,106.31 2 0
github.com/FalkorDB/redis_exporter/exporter/clients.go:106.31,109.5 2 0
github.com/FalkorDB/redis_exporter/exporter/clients.go:110.4,111.64 2 0
github.com/FalkorDB/redis_exporter/exporter/clients.go:112.15,113.35 1 0
github.com/FalkorDB/redis_exporter/exporter/clients.go:117.2,117.31 1 0
github.com/FalkorDB/redis_exporter/exporter/clients.go:120.60,122.16 2 0
github.com/FalkorDB/redis_exporter/exporter/clients.go:122.16,124.3 1 0
github.com/FalkorDB/redis_exporter/exporter/clients.go:125.2,125.40 1 0
github.com/FalkorDB/redis_exporter/exporter/clients.go:128.93,130.16 2 0
github.com/FalkorDB/redis_exporter/exporter/clients.go:130.16,133.3 2 0
github.com/FalkorDB/redis_exporter/exporter/clients.go:134.2,134.42 1 0
github.com/FalkorDB/redis_exporter/exporter/clients.go:137.91,139.47 1 0
github.com/FalkorDB/redis_exporter/exporter/clients.go:139.47,141.10 2 0
github.com/FalkorDB/redis_exporter/exporter/clients.go:141.10,143.12 2 0
github.com/FalkorDB/redis_exporter/exporter/clients.go:145.3,148.38 3 0
github.com/FalkorDB/redis_exporter/exporter/clients.go:148.38,151.4 2 0
github.com/FalkorDB/redis_exporter/exporter/clients.go:153.3,153.36 1 0
github.com/FalkorDB/redis_exporter/exporter/clients.go:153.36,156.4 2 0
github.com/FalkorDB/redis_exporter/exporter/clients.go:159.3,159.36 1 0
github.com/FalkorDB/redis_exporter/exporter/clients.go:159.36,162.4 2 0
github.com/FalkorDB/redis_exporter/exporter/clients.go:164.3,184.5 5 0
github.com/FalkorDB/redis_exporter/exporter/clients.go:184.5,186.4 1 0
github.com/FalkorDB/redis_exporter/exporter/clients.go:188.3,238.22 11 0
github.com/FalkorDB/redis_exporter/exporter/clients.go:238.22,244.4 2 0
github.com/FalkorDB/redis_exporter/exporter/clients.go:245.3,245.23 1 0
github.com/FalkorDB/redis_exporter/exporter/clients.go:245.23,251.4 2 0
github.com/FalkorDB/redis_exporter/exporter/exporter.go:113.50,114.49 1 0
github.com/FalkorDB/redis_exporter/exporter/exporter.go:114.49,116.39 2 0
github.com/FalkorDB/redis_exporter/exporter/exporter.go:116.39,119.4 2 0
github.com/FalkorDB/redis_exporter/exporter/exporter.go:121.2,121.11 1 0
github.com/FalkorDB/redis_exporter/exporter/exporter.go:125.68,128.9 2 1
github.com/FalkorDB/redis_exporter/exporter/exporter.go:129.43,130.57 1 0
github.com/FalkorDB/redis_exporter/exporter/exporter.go:131.44,132.59 1 0
github.com/FalkorDB/redis_exporter/exporter/exporter.go:135.2,137.26 2 1
github.com/FalkorDB/redis_exporter/exporter/exporter.go:137.26,139.3 1 1
github.com/FalkorDB/redis_exporter/exporter/exporter.go:141.2,479.39 2 1
github.com/FalkorDB/redis_exporter/exporter/exporter.go:479.39,481.3 1 1
github.com/FalkorDB/redis_exporter/exporter/exporter.go:483.2,483.58 1 1
github.com/FalkorDB/redis_exporter/exporter/exporter.go:483.58,485.3 1 0
github.com/FalkorDB/redis_exporter/exporter/exporter.go:485.8,487.3 1 1
github.com/FalkorDB/redis_exporter/exporter/exporter.go:489.2,489.70 1 1
github.com/FalkorDB/redis_exporter/exporter/exporter.go:489.70,491.3 1 0
github.com/FalkorDB/redis_exporter/exporter/exporter.go:491.8,493.3 1 1
github.com/FalkorDB/redis_exporter/exporter/exporter.go:495.2,495.64 1 1
github.com/FalkorDB/redis_exporter/exporter/exporter.go:495.64,497.3 1 0
github.com/FalkorDB/redis_exporter/exporter/exporter.go:497.8,499.3 1 1
github.com/FalkorDB/redis_exporter/exporter/exporter.go:501.2,501.76 1 1
github.com/FalkorDB/redis_exporter/exporter/exporter.go:501.76,503.3 1 0
github.com/FalkorDB/redis_exporter/exporter/exporter.go:503.8,505.3 1 1
github.com/FalkorDB/redis_exporter/exporter/exporter.go:507.2,507.63 1 1
github.com/FalkorDB/redis_exporter/exporter/exporter.go:507.63,509.3 1 0
github.com/FalkorDB/redis_exporter/exporter/exporter.go:509.8,511.3 1 1
github.com/FalkorDB/redis_exporter/exporter/exporter.go:513.2,513.28 1 1
github.com/FalkorDB/redis_exporter/exporter/exporter.go:513.28,515.3 1 0
github.com/FalkorDB/redis_exporter/exporter/exporter.go:517.2,636.4 2 1
github.com/FalkorDB/redis_exporter/exporter/exporter.go:636.4,637.40 1 1
github.com/FalkorDB/redis_exporter/exporter/exporter.go:637.40,639.4 1 0
github.com/FalkorDB/redis_exporter/exporter/exporter.go:640.3,640.83 1 1
github.com/FalkorDB/redis_exporter/exporter/exporter.go:643.2,643.33 1 1
github.com/FalkorDB/redis_exporter/exporter/exporter.go:643.33,645.3 1 1
github.com/FalkorDB/redis_exporter/exporter/exporter.go:647.2,649.31 2 1
github.com/FalkorDB/redis_exporter/exporter/exporter.go:649.31,655.34 3 1
github.com/FalkorDB/redis_exporter/exporter/exporter.go:655.34,663.4 3 1
github.com/FalkorDB/redis_exporter/exporter/exporter.go:666.2,667.38 2 1
github.com/FalkorDB/redis_exporter/exporter/exporter.go:667.38,669.3 1 1
github.com/FalkorDB/redis_exporter/exporter/exporter.go:670.2,674.15 4 1
github.com/FalkorDB/redis_exporter/exporter/exporter.go:678.57,679.44 1 1
github.com/FalkorDB/redis_exporter/exporter/exporter.go:679.44,681.3 1 1
github.com/FalkorDB/redis_exporter/exporter/exporter.go:683.2,683.38 1 1
github.com/FalkorDB/redis_exporter/exporter/exporter.go:683.38,685.3 1 1
github.com/FalkorDB/redis_exporter/exporter/exporter.go:687.2,687.40 1 1
github.com/FalkorDB/redis_exporter/exporter/exporter.go:687.40,689.3 1 1
github.com/FalkorDB/redis_exporter/exporter/exporter.go:691.2,693.42 3 1
github.com/FalkorDB/redis_exporter/exporter/exporter.go:697.57,702.23 4 0
github.com/FalkorDB/redis_exporter/exporter/exporter.go:702.23,705.47 3 0
github.com/FalkorDB/redis_exporter/exporter/exporter.go:705.47,707.4 1 0
github.com/FalkorDB/redis_exporter/exporter/exporter.go:707.9,710.4 2 0
github.com/FalkorDB/redis_exporter/exporter/exporter.go:712.3,716.80 4 0
github.com/FalkorDB/redis_exporter/exporter/exporter.go:719.2,721.35 3 0
github.com/FalkorDB/redis_exporter/exporter/exporter.go:724.121,725.37 1 0
github.com/FalkorDB/redis_exporter/exporter/exporter.go:725.37,726.28 1 0
github.com/FalkorDB/redis_exporter/exporter/exporter.go:726.28,727.55 1 0
github.com/FalkorDB/redis_exporter/exporter/exporter.go:727.55,729.5 1 0
github.com/FalkorDB/redis_exporter/exporter/exporter.go:732.3,732.34 1 0
github.com/FalkorDB/redis_exporter/exporter/exporter.go:732.34,738.57 1 0
github.com/FalkorDB/redis_exporter/exporter/exporter.go:738.57,740.63 2 0
github.com/FalkorDB/redis_exporter/exporter/exporter.go:740.63,742.6 1 0
github.com/FalkorDB/redis_exporter/exporter/exporter.go:746.3,750.13 1 0
github.com/FalkorDB/redis_exporter/exporter/exporter.go:750.13,751.62 1 0
github.com/FalkorDB/redis_exporter/exporter/exporter.go:751.62,754.5 2 0
github.com/FalkorDB/redis_exporter/exporter/exporter.go:757.3,757.45 1 0
github.com/FalkorDB/redis_exporter/exporter/exporter.go:757.45,760.44 2 0
github.com/FalkorDB/redis_exporter/exporter/exporter.go:760.44,762.70 2 0
github.com/FalkorDB/redis_exporter/exporter/exporter.go:762.70,764.6 1 0
github.com/FalkorDB/redis_exporter/exporter/exporter.go:765.5,765.70 1 0
github.com/FalkorDB/redis_exporter/exporter/exporter.go:765.70,767.6 1 0
github.com/FalkorDB/redis_exporter/exporter/exporter.go:768.5,768.70 1 0
github.com/FalkorDB/redis_exporter/exporter/exporter.go:768.70,770.6 1 0
github.com/FalkorDB/redis_exporter/exporter/exporter.go:774.2,774.8 1 0
github.com/FalkorDB/redis_exporter/exporter/exporter.go:777.71,785.16 6 0
github.com/FalkorDB/redis_exporter/exporter/exporter.go:785.16,787.60 2 0
github.com/FalkorDB/redis_exporter/exporter/exporter.go:787.60,790.4 2 0
github.com/FalkorDB/redis_exporter/exporter/exporter.go:790.9,792.4 1 0
github.com/FalkorDB/redis_exporter/exporter/exporter.go:793.3,795.13 3 0
github.com/FalkorDB/redis_exporter/exporter/exporter.go:797.2,802.29 4 0
github.com/FalkorDB/redis_exporter/exporter/exporter.go:802.29,805.50 2 0
github.com/FalkorDB/redis_exporter/exporter/exporter.go:805.50,807.4 1 0
github.com/FalkorDB/redis_exporter/exporter/exporter.go:807.9,811.4 3 0
github.com/FalkorDB/redis_exporter/exporter/exporter.go:814.2,814.29 1 0
github.com/FalkorDB/redis_exporter/exporter/exporter.go:814.29,815.81 1 0
github.com/FalkorDB/redis_exporter/exporter/exporter.go:815.81,817.4 1 0
github.com/FalkorDB/redis_exporter/exporter/exporter.go:820.2,821.33 2 0
github.com/FalkorDB/redis_exporter/exporter/exporter.go:821.33,824.17 3 0
github.com/FalkorDB/redis_exporter/exporter/exporter.go:824.17,827.4 2 0
github.com/FalkorDB/redis_exporter/exporter/exporter.go:829.2,831.39 2 0
github.com/FalkorDB/redis_exporter/exporter/exporter.go:831.39,833.3 1 0
github.com/FalkorDB/redis_exporter/exporter/exporter.go:835.2,836.40 2 0
github.com/FalkorDB/redis_exporter/exporter/exporter.go:836.40,838.3 1 0
github.com/FalkorDB/redis_exporter/exporter/exporter.go:838.8,839.105 1 0
github.com/FalkorDB/redis_exporter/exporter/exporter.go:839.105,841.18 2 0
github.com/FalkorDB/redis_exporter/exporter/exporter.go:841.18,844.5 2 0
github.com/FalkorDB/redis_exporter/exporter/exporter.go:845.9,847.4 1 0
github.com/FalkorDB/redis_exporter/exporter/exporter.go:850.2,850.52 1 0
github.com/FalkorDB/redis_exporter/exporter/exporter.go:850.52,851.85 1 0
github.com/FalkorDB/redis_exporter/exporter/exporter.go:851.85,856.4 2 0
github.com/FalkorDB/redis_exporter/exporter/exporter.go:856.9,858.4 1 0
github.com/FalkorDB/redis_exporter/exporter/exporter.go:859.8,859.25 1 0
github.com/FalkorDB/redis_exporter/exporter/exporter.go:859.25,864.3 1 0
github.com/FalkorDB/redis_exporter/exporter/exporter.go:866.2,870.47 3 0
github.com/FalkorDB/redis_exporter/exporter/exporter.go:870.47,872.3 1 0
github.com/FalkorDB/redis_exporter/exporter/exporter.go:874.2,875.25 2 0
github.com/FalkorDB/redis_exporter/exporter/exporter.go:875.25,881.24 2 0
github.com/FalkorDB/redis_exporter/exporter/exporter.go:881.24,883.4 1 0
github.com/FalkorDB/redis_exporter/exporter/exporter.go:883.9,891.4 2 0
github.com/FalkorDB/redis_exporter/exporter/exporter.go:892.8,895.3 1 0
github.com/FalkorDB/redis_exporter/exporter/exporter.go:899.2,900.72 2 0
github.com/FalkorDB/redis_exporter/exporter/exporter.go:900.72,901.21 1 0
github.com/FalkorDB/redis_exporter/exporter/exporter.go:901.21,902.64 1 0
github.com/FalkorDB/redis_exporter/exporter/exporter.go:902.64,904.5 1 0
github.com/FalkorDB/redis_exporter/exporter/exporter.go:905.4,906.39 2 0
github.com/FalkorDB/redis_exporter/exporter/exporter.go:908.8,910.3 1 0
github.com/FalkorDB/redis_exporter/exporter/exporter.go:912.2,914.37 2 0
github.com/FalkorDB/redis_exporter/exporter/exporter.go:914.37,916.3 1 0
github.com/FalkorDB/redis_exporter/exporter/exporter.go:918.2,918.20 1 0
github.com/FalkorDB/redis_exporter/exporter/exporter.go:918.20,920.3 1 0
github.com/FalkorDB/redis_exporter/exporter/exporter.go:922.2,922.45 1 0
github.com/FalkorDB/redis_exporter/exporter/exporter.go:922.45,926.3 2 0
github.com/FalkorDB/redis_exporter/exporter/exporter.go:928.2,928.32 1 0
github.com/FalkorDB/redis_exporter/exporter/exporter.go:928.32,930.3 1 0
github.com/FalkorDB/redis_exporter/exporter/exporter.go:932.2,932.24 1 0
github.com/FalkorDB/redis_exporter/exporter/exporter.go:932.24,934.3 1 0
github.com/FalkorDB/redis_exporter/exporter/exporter.go:936.2,936.34 1 0
github.com/FalkorDB/redis_exporter/exporter/exporter.go:936.34,938.3 1 0
github.com/FalkorDB/redis_exporter/exporter/exporter.go:940.2,940.31 1 0
github.com/FalkorDB/redis_exporter/exporter/exporter.go:940.31,942.3 1 0
github.com/FalkorDB/redis_exporter/exporter/exporter.go:944.2,944.26 1 0
github.com/FalkorDB/redis_exporter/exporter/exporter.go:944.26,946.3 1 0
github.com/FalkorDB/redis_exporter/exporter/exporter.go:948.2,948.40 1 0
github.com/FalkorDB/redis_exporter/exporter/exporter.go:948.40,950.3 1 0
github.com/FalkorDB/redis_exporter/exporter/exporter.go:952.2,952.34 1 0
github.com/FalkorDB/redis_exporter/exporter/exporter.go:952.34,953.53 1 0
github.com/FalkorDB/redis_exporter/exporter/exporter.go:953.53,954.77 1 0
github.com/FalkorDB/redis_exporter/exporter/exporter.go:954.77,956.5 1 0
github.com/FalkorDB/redis_exporter/exporter/exporter.go:960.2,960.12 1 0
github.com/FalkorDB/redis_exporter/exporter/falkordb.go:24.86,26.16 2 0
github.com/FalkorDB/redis_exporter/exporter/falkordb.go:26.16,29.3 2 0
github.com/FalkorDB/redis_exporter/exporter/falkordb.go:31.2,34.40 3 0
github.com/FalkorDB/redis_exporter/exporter/falkordb.go:34.40,36.3 1 0
github.com/FalkorDB/redis_exporter/exporter/falkordb.go:38.2,38.55 1 0
github.com/FalkorDB/redis_exporter/exporter/falkordb.go:45.122,47.14 2 1
github.com/FalkorDB/redis_exporter/exporter/falkordb.go:47.14,49.3 1 1
github.com/FalkorDB/redis_exporter/exporter/falkordb.go:52.2,52.126 1 1
github.com/FalkorDB/redis_exporter/exporter/falkordb.go:52.126,55.3 2 1
github.com/FalkorDB/redis_exporter/exporter/falkordb.go:57.2,59.30 2 0
github.com/FalkorDB/redis_exporter/exporter/falkordb.go:59.30,61.17 2 0
github.com/FalkorDB/redis_exporter/exporter/falkordb.go:61.17,63.12 2 0
github.com/FalkorDB/redis_exporter/exporter/falkordb.go:66.3,67.17 2 0
github.com/FalkorDB/redis_exporter/exporter/falkordb.go:67.17,69.12 2 0
github.com/FalkorDB/redis_exporter/exporter/falkordb.go:71.3,71.36 1 0
github.com/FalkorDB/redis_exporter/exporter/falkordb.go:75.2,78.39 3 0
github.com/FalkorDB/redis_exporter/exporter/falkordb.go:81.96,83.16 2 0
github.com/FalkorDB/redis_exporter/exporter/falkordb.go:83.16,85.3 1 0
github.com/FalkorDB/redis_exporter/exporter/falkordb.go:87.2,93.38 2 0
github.com/FalkorDB/redis_exporter/exporter/falkordb.go:93.38,95.17 2 0
github.com/FalkorDB/redis_exporter/exporter/falkordb.go:95.17,96.12 1 0
github.com/FalkorDB/redis_exporter/exporter/falkordb.go:99.3,99.14 1 0
github.com/FalkorDB/redis_exporter/exporter/falkordb.go:100.28,101.60 1 0
github.com/FalkorDB/redis_exporter/exporter/falkordb.go:102.31,103.63 1 0
github.com/FalkorDB/redis_exporter/exporter/falkordb.go:104.34,105.66 1 0
github.com/FalkorDB/redis_exporter/exporter/falkordb.go:106.37,107.59 1 0
github.com/FalkorDB/redis_exporter/exporter/falkordb.go:108.51,109.53 1 0
github.com/FalkorDB/redis_exporter/exporter/falkordb.go:110.53,111.68 1 0
github.com/FalkorDB/redis_exporter/exporter/falkordb.go:112.37,113.59 1 0
github.com/FalkorDB/redis_exporter/exporter/falkordb.go:114.50,115.52 1 0
github.com/FalkorDB/redis_exporter/exporter/falkordb.go:116.24,117.57 1 0
github.com/FalkorDB/redis_exporter/exporter/falkordb.go:119.3,119.17 1 0
github.com/FalkorDB/redis_exporter/exporter/falkordb.go:119.17,121.4 1 0
github.com/FalkorDB/redis_exporter/exporter/falkordb.go:124.2,124.20 1 0
github.com/FalkorDB/redis_exporter/exporter/falkordb.go:128.81,129.35 1 1
github.com/FalkorDB/redis_exporter/exporter/falkordb.go:129.35,131.3 1 1
github.com/FalkorDB/redis_exporter/exporter/falkordb.go:132.2,133.27 2 1
github.com/FalkorDB/redis_exporter/exporter/falkordb.go:133.27,135.3 1 1
github.com/FalkorDB/redis_exporter/exporter/falkordb.go:136.2,136.30 1 1
github.com/FalkorDB/redis_exporter/exporter/falkordb.go:136.30,138.39 2 1
github.com/FalkorDB/redis_exporter/exporter/falkordb.go:138.39,140.4 1 1
github.com/FalkorDB/redis_exporter/exporter/falkordb.go:142.2,142.13 1 1
github.com/FalkorDB/redis_exporter/exporter/falkordb.go:145.53,148.16 3 1
github.com/FalkorDB/redis_exporter/exporter/falkordb.go:148.16,150.3 1 1
github.com/FalkorDB/redis_exporter/exporter/falkordb.go:151.2,151.39 1 1
github.com/FalkorDB/redis_exporter/exporter/falkordb.go:151.39,153.17 2 1
github.com/FalkorDB/redis_exporter/exporter/falkordb.go:153.17,154.12 1 1
github.com/FalkorDB/redis_exporter/exporter/falkordb.go:156.3,157.17 2 1
github.com/FalkorDB/redis_exporter/exporter/falkordb.go:157.17,158.12 1 1
github.com/FalkorDB/redis_exporter/exporter/falkordb.go:160.3,160.14 1 1
github.com/FalkorDB/redis_exporter/exporter/falkordb.go:162.2,162.10 1 1
github.com/FalkorDB/redis_exporter/exporter/falkordb.go:165.101,166.28 1 1
github.com/FalkorDB/redis_exporter/exporter/falkordb.go:166.28,175.46 8 1
github.com/FalkorDB/redis_exporter/exporter/falkordb.go:175.46,177.4 1 1
github.com/FalkorDB/redis_exporter/exporter/falkordb.go:178.3,178.47 1 1
github.com/FalkorDB/redis_exporter/exporter/falkordb.go:178.47,180.4 1 1
github.com/FalkorDB/redis_exporter/exporter/http.go:18.70,19.57 1 0
github.com/FalkorDB/redis_exporter/exporter/http.go:19.57,23.3 3 0
github.com/FalkorDB/redis_exporter/exporter/http.go:25.2,25.23 1 0
github.com/FalkorDB/redis_exporter/exporter/http.go:28.74,30.2 1 0
github.com/FalkorDB/redis_exporter/exporter/http.go:32.73,33.23 1 0
github.com/FalkorDB/redis_exporter/exporter/http.go:33.23,36.3 2 0
github.com/FalkorDB/redis_exporter/exporter/http.go:37.2,44.4 1 0
github.com/FalkorDB/redis_exporter/exporter/http.go:47.74,49.18 2 0
github.com/FalkorDB/redis_exporter/exporter/http.go:49.18,53.3 3 0
github.com/FalkorDB/redis_exporter/exporter/http.go:55.2,55.38 1 0
github.com/FalkorDB/redis_exporter/exporter/http.go:55.38,57.3 1 0
github.com/FalkorDB/redis_exporter/exporter/http.go:59.2,60.16 2 0
github.com/FalkorDB/redis_exporter/exporter/http.go:60.16,64.3 3 0
github.com/FalkorDB/redis_exporter/exporter/http.go:66.2,71.19 2 0
github.com/FalkorDB/redis_exporter/exporter/http.go:71.19,74.3 2 0
github.com/FalkorDB/redis_exporter/exporter/http.go:75.2,77.53 2 0
github.com/FalkorDB/redis_exporter/exporter/http.go:77.53,79.3 1 0
github.com/FalkorDB/redis_exporter/exporter/http.go:81.2,81.62 1 0
github.com/FalkorDB/redis_exporter/exporter/http.go:81.62,83.3 1 0
github.com/FalkorDB/redis_exporter/exporter/http.go:85.2,85.56 1 0
github.com/FalkorDB/redis_exporter/exporter/http.go:85.56,87.3 1 0
github.com/FalkorDB/redis_exporter/exporter/http.go:89.2,89.65 1 0
github.com/FalkorDB/redis_exporter/exporter/http.go:89.65,91.3 1 0
github.com/FalkorDB/redis_exporter/exporter/http.go:93.2,93.57 1 0
github.com/FalkorDB/redis_exporter/exporter/http.go:93.57,95.3 1 0
github.com/FalkorDB/redis_exporter/exporter/http.go:97.2,100.16 3 0
github.com/FalkorDB/redis_exporter/exporter/http.go:100.16,104.3 3 0
github.com/FalkorDB/redis_exporter/exporter/http.go:106.2,108.19 1 0
github.com/FalkorDB/redis_exporter/exporter/http.go:111.88,112.26 1 0
github.com/FalkorDB/redis_exporter/exporter/http.go:112.26,115.3 2 0
github.com/FalkorDB/redis_exporter/exporter/http.go:117.2,118.16 2 0
github.com/FalkorDB/redis_exporter/exporter/http.go:118.16,121.3 2 0
github.com/FalkorDB/redis_exporter/exporter/http.go:122.2,125.16 3 0
github.com/FalkorDB/redis_exporter/exporter/http.go:125.16,128.3 2 0
github.com/FalkorDB/redis_exporter/exporter/http.go:130.2,141.29 3 0
github.com/FalkorDB/redis_exporter/exporter/http.go:141.29,142.12 1 0
github.com/FalkorDB/redis_exporter/exporter/http.go:142.12,144.4 1 0
github.com/FalkorDB/redis_exporter/exporter/http.go:144.9,146.4 1 0
github.com/FalkorDB/redis_exporter/exporter/http.go:149.2,150.16 2 0
github.com/FalkorDB/redis_exporter/exporter/http.go:150.16,153.3 2 0
github.com/FalkorDB/redis_exporter/exporter/http.go:155.2,156.22 2 0
github.com/FalkorDB/redis_exporter/exporter/http.go:159.74,160.34 1 0
github.com/FalkorDB/redis_exporter/exporter/http.go:160.34,163.3 2 0
github.com/FalkorDB/redis_exporter/exporter/http.go:164.2,166.16 3 0
github.com/FalkorDB/redis_exporter/exporter/http.go:166.16,170.3 3 0
github.com/FalkorDB/redis_exporter/exporter/http.go:171.2,174.30 4 0
github.com/FalkorDB/redis_exporter/exporter/http.go:177.49,179.2 1 0
github.com/FalkorDB/redis_exporter/exporter/http.go:181.85,182.32 1 0
github.com/FalkorDB/redis_exporter/exporter/http.go:182.32,184.3 1 0
github.com/FalkorDB/redis_exporter/exporter/http.go:186.2,186.20 1 0
github.com/FalkorDB/redis_exporter/exporter/http.go:186.20,188.3 1 0
github.com/FalkorDB/redis_exporter/exporter/http.go:190.2,193.34 3 0
github.com/FalkorDB/redis_exporter/exporter/http.go:193.34,195.3 1 0
github.com/FalkorDB/redis_exporter/exporter/http.go:197.2,197.12 1 0
github.com/FalkorDB/redis_exporter/exporter/http.go:200.68,201.43 1 0
github.com/FalkorDB/redis_exporter/exporter/http.go:201.43,203.3 1 0
github.com/FalkorDB/redis_exporter/exporter/http.go:203.8,205.3 1 0
github.com/FalkorDB/redis_exporter/exporter/info.go:43.52,45.21 2 0
github.com/FalkorDB/redis_exporter/exporter/info.go:45.21,47.3 1 0
github.com/FalkorDB/redis_exporter/exporter/info.go:48.2,49.16 2 0
github.com/FalkorDB/redis_exporter/exporter/info.go:49.16,51.3 1 0
github.com/FalkorDB/redis_exporter/exporter/info.go:52.2,52.8 1 0
github.com/FalkorDB/redis_exporter/exporter/info.go:55.82,57.21 2 0
github.com/FalkorDB/redis_exporter/exporter/info.go:57.21,59.3 1 0
github.com/FalkorDB/redis_exporter/exporter/info.go:60.2,61.16 2 0
github.com/FalkorDB/redis_exporter/exporter/info.go:61.16,63.3 1 0
github.com/FalkorDB/redis_exporter/exporter/info.go:64.2,65.8 2 0
github.com/FalkorDB/redis_exporter/exporter/info.go:69.101,80.29 10 0
github.com/FalkorDB/redis_exporter/exporter/info.go:80.29,83.53 3 0
github.com/FalkorDB/redis_exporter/exporter/info.go:83.53,86.12 3 0
github.com/FalkorDB/redis_exporter/exporter/info.go:89.3,89.56 1 0
github.com/FalkorDB/redis_exporter/exporter/info.go:89.56,90.12 1 0
github.com/FalkorDB/redis_exporter/exporter/info.go:93.3,99.41 5 0
github.com/FalkorDB/redis_exporter/exporter/info.go:99.41,101.4 1 0
github.com/FalkorDB/redis_exporter/exporter/info.go:103.3,103.41 1 0
github.com/FalkorDB/redis_exporter/exporter/info.go:103.41,105.4 1 0
github.com/FalkorDB/redis_exporter/exporter/info.go:107.3,107.21 1 0
github.com/FalkorDB/redis_exporter/exporter/info.go:109.22,110.94 1 0
github.com/FalkorDB/redis_exporter/exporter/info.go:110.94,111.13 1 0
github.com/FalkorDB/redis_exporter/exporter/info.go:114.17,115.51 1 0
github.com/FalkorDB/redis_exporter/exporter/info.go:117.23,121.12 4 0
github.com/FalkorDB/redis_exporter/exporter/info.go:123.23,125.12 2 0
github.com/FalkorDB/redis_exporter/exporter/info.go:127.21,129.12 2 0
github.com/FalkorDB/redis_exporter/exporter/info.go:131.19,132.100 1 0
github.com/FalkorDB/redis_exporter/exporter/info.go:132.100,137.24 4 0
github.com/FalkorDB/redis_exporter/exporter/info.go:137.24,139.6 1 0
github.com/FalkorDB/redis_exporter/exporter/info.go:140.5,140.20 1 0
github.com/FalkorDB/redis_exporter/exporter/info.go:140.20,142.6 1 0
github.com/FalkorDB/redis_exporter/exporter/info.go:143.5,144.13 2 0
github.com/FalkorDB/redis_exporter/exporter/info.go:147.19,148.53 1 0
github.com/FalkorDB/redis_exporter/exporter/info.go:151.3,151.33 1 0
github.com/FalkorDB/redis_exporter/exporter/info.go:151.33,152.12 1 0
github.com/FalkorDB/redis_exporter/exporter/info.go:155.3,155.58 1 0
github.com/FalkorDB/redis_exporter/exporter/info.go:160.2,162.44 2 0
github.com/FalkorDB/redis_exporter/exporter/info.go:162.44,163.32 1 0
github.com/FalkorDB/redis_exporter/exporter/info.go:163.32,165.48 2 0
github.com/FalkorDB/redis_exporter/exporter/info.go:165.48,168.5 2 0
github.com/FalkorDB/redis_exporter/exporter/info.go:172.2,187.58 4 0
github.com/FalkorDB/redis_exporter/exporter/info.go:187.58,190.3 2 0
github.com/FalkorDB/redis_exporter/exporter/info.go:191.2,191.69 1 0
github.com/FalkorDB/redis_exporter/exporter/info.go:191.69,194.3 2 0
github.com/FalkorDB/redis_exporter/exporter/info.go:196.2,199.39 3 0
github.com/FalkorDB/redis_exporter/exporter/info.go:199.39,204.3 1 0
github.com/FalkorDB/redis_exporter/exporter/info.go:206.2,206.21 1 0
github.com/FalkorDB/redis_exporter/exporter/info.go:209.182,210.45 1 0
github.com/FalkorDB/redis_exporter/exporter/info.go:210.45,213.23 3 0
github.com/FalkorDB/redis_exporter/exporter/info.go:213.23,216.4 2 0
github.com/FalkorDB/redis_exporter/exporter/info.go:220.88,223.26 2 0
github.com/FalkorDB/redis_exporter/exporter/info.go:223.26,227.22 3 0
github.com/FalkorDB/redis_exporter/exporter/info.go:227.22,228.12 1 0
github.com/FalkorDB/redis_exporter/exporter/info.go:230.3,233.33 3 0
github.com/FalkorDB/redis_exporter/exporter/info.go:233.33,234.12 1 0
github.com/FalkorDB/redis_exporter/exporter/info.go:236.3,236.58 1 0
github.com/FalkorDB/redis_exporter/exporter/info.go:243.159,246.40 2 0
github.com/FalkorDB/redis_exporter/exporter/info.go:246.40,249.3 2 0
github.com/FalkorDB/redis_exporter/exporter/info.go:251.2,252.20 2 0
github.com/FalkorDB/redis_exporter/exporter/info.go:252.20,255.3 2 0
github.com/FalkorDB/redis_exporter/exporter/info.go:257.2,258.55 2 0
github.com/FalkorDB/redis_exporter/exporter/info.go:258.55,261.3 2 0
github.com/FalkorDB/redis_exporter/exporter/info.go:262.2,262.63 1 0
github.com/FalkorDB/redis_exporter/exporter/info.go:262.63,265.3 2 0
github.com/FalkorDB/redis_exporter/exporter/info.go:267.2,268.20 2 0
github.com/FalkorDB/redis_exporter/exporter/info.go:268.20,269.53 1 0
github.com/FalkorDB/redis_exporter/exporter/info.go:269.53,272.4 2 0
github.com/FalkorDB/redis_exporter/exporter/info.go:273.3,273.17 1 0
github.com/FalkorDB/redis_exporter/exporter/info.go:276.2,277.20 2 0
github.com/FalkorDB/redis_exporter/exporter/info.go:277.20,278.62 1 0
github.com/FalkorDB/redis_exporter/exporter/info.go:278.62,281.4 2 0
github.com/FalkorDB/redis_exporter/exporter/info.go:284.2,285.8 2 0
github.com/FalkorDB/redis_exporter/exporter/info.go:292.145,294.37 2 0
github.com/FalkorDB/redis_exporter/exporter/info.go:294.37,296.3 1 0
github.com/FalkorDB/redis_exporter/exporter/info.go:297.2,298.55 2 0
github.com/FalkorDB/redis_exporter/exporter/info.go:298.55,300.18 2 0
github.com/FalkorDB/redis_exporter/exporter/info.go:300.18,303.4 2 0
github.com/FalkorDB/redis_exporter/exporter/info.go:304.3,304.34 1 0
github.com/FalkorDB/redis_exporter/exporter/info.go:306.2,307.16 2 0
github.com/FalkorDB/redis_exporter/exporter/info.go:307.16,310.3 2 0
github.com/FalkorDB/redis_exporter/exporter/info.go:312.2,312.58 1 0
github.com/FalkorDB/redis_exporter/exporter/info.go:312.58,315.3 1 0
github.com/FalkorDB/redis_exporter/exporter/info.go:315.8,317.17 2 0
github.com/FalkorDB/redis_exporter/exporter/info.go:317.17,320.4 2 0
github.com/FalkorDB/redis_exporter/exporter/info.go:323.2,328.8 5 0
github.com/FalkorDB/redis_exporter/exporter/info.go:331.153,333.46 1 0
github.com/FalkorDB/redis_exporter/exporter/info.go:333.46,334.25 1 0
github.com/FalkorDB/redis_exporter/exporter/info.go:334.25,336.4 1 0
github.com/FalkorDB/redis_exporter/exporter/info.go:336.9,338.4 1 0
github.com/FalkorDB/redis_exporter/exporter/info.go:339.3,339.14 1 0
github.com/FalkorDB/redis_exporter/exporter/info.go:342.2,342.42 1 0
github.com/FalkorDB/redis_exporter/exporter/info.go:342.42,343.57 1 0
github.com/FalkorDB/redis_exporter/exporter/info.go:343.57,345.4 1 0
github.com/FalkorDB/redis_exporter/exporter/info.go:345.9,345.61 1 0
github.com/FalkorDB/redis_exporter/exporter/info.go:345.61,347.4 1 0
github.com/FalkorDB/redis_exporter/exporter/info.go:348.3,350.14 3 0
github.com/FalkorDB/redis_exporter/exporter/info.go:354.2,354.118 1 0
github.com/FalkorDB/redis_exporter/exporter/info.go:354.118,361.20 2 0
github.com/FalkorDB/redis_exporter/exporter/info.go:361.20,367.4 1 0
github.com/FalkorDB/redis_exporter/exporter/info.go:368.3,368.14 1 0
github.com/FalkorDB/redis_exporter/exporter/info.go:371.2,371.14 1 0
github.com/FalkorDB/redis_exporter/exporter/info.go:374.105,375.37 1 0
github.com/FalkorDB/redis_exporter/exporter/info.go:375.37,376.68 1 0
github.com/FalkorDB/redis_exporter/exporter/info.go:376.68,378.4 1 0
github.com/FalkorDB/redis_exporter/exporter/info.go:381.2,381.33 1 0
github.com/FalkorDB/redis_exporter/exporter/info.go:381.33,382.66 1 0
github.com/FalkorDB/redis_exporter/exporter/info.go:382.66,384.4 1 0
github.com/FalkorDB/redis_exporter/exporter/info.go:387.2,387.22 1 0
github.com/FalkorDB/redis_exporter/exporter/info.go:387.22,388.66 1 0
github.com/FalkorDB/redis_exporter/exporter/info.go:388.66,390.4 1 0
github.com/FalkorDB/redis_exporter/exporter/info.go:394.194,416.45 3 0
github.com/FalkorDB/redis_exporter/exporter/info.go:416.45,419.3 2 0
github.com/FalkorDB/redis_exporter/exporter/info.go:420.2,424.18 4 0
github.com/FalkorDB/redis_exporter/exporter/info.go:424.18,427.3 2 0
github.com/FalkorDB/redis_exporter/exporter/info.go:430.2,432.16 3 0
github.com/FalkorDB/redis_exporter/exporter/info.go:432.16,435.3 2 0
github.com/FalkorDB/redis_exporter/exporter/info.go:437.2,438.16 2 0
github.com/FalkorDB/redis_exporter/exporter/info.go:438.16,441.3 2 0
github.com/FalkorDB/redis_exporter/exporter/info.go:444.2,444.18 1 0
github.com/FalkorDB/redis_exporter/exporter/info.go:444.18,446.3 1 0
github.com/FalkorDB/redis_exporter/exporter/info.go:448.2,449.16 2 0
github.com/FalkorDB/redis_exporter/exporter/info.go:449.16,452.3 2 0
github.com/FalkorDB/redis_exporter/exporter/info.go:454.2,455.16 2 0
github.com/FalkorDB/redis_exporter/exporter/info.go:455.16,458.3 2 0
github.com/FalkorDB/redis_exporter/exporter/info.go:459.2,460.8 2 0
github.com/FalkorDB/redis_exporter/exporter/info.go:463.131,492.45 3 0
github.com/FalkorDB/redis_exporter/exporter/info.go:492.45,495.3 2 0
github.com/FalkorDB/redis_exporter/exporter/info.go:496.2,499.18 4 0
github.com/FalkorDB/redis_exporter/exporter/info.go:499.18,502.3 2 0
github.com/FalkorDB/redis_exporter/exporter/info.go:503.2,503.34 1 0
github.com/FalkorDB/redis_exporter/exporter/info.go:503.34,505.17 2 0
github.com/FalkorDB/redis_exporter/exporter/info.go:505.17,508.4 2 0
github.com/FalkorDB/redis_exporter/exporter/info.go:509.3,509.36 1 0
github.com/FalkorDB/redis_exporter/exporter/info.go:511.2,511.8 1 0
github.com/FalkorDB/redis_exporter/exporter/info.go:514.115,527.42 2 0
github.com/FalkorDB/redis_exporter/exporter/info.go:527.42,530.3 2 0
github.com/FalkorDB/redis_exporter/exporter/info.go:531.2,533.16 3 0
github.com/FalkorDB/redis_exporter/exporter/info.go:533.16,536.3 2 0
github.com/FalkorDB/redis_exporter/exporter/info.go:537.2,537.8 1 0
github.com/FalkorDB/redis_exporter/exporter/info.go:540.158,542.16 2 0
github.com/FalkorDB/redis_exporter/exporter/info.go:542.16,545.3 2 0
github.com/FalkorDB/redis_exporter/exporter/info.go:546.2,550.19 5 0
github.com/FalkorDB/redis_exporter/exporter/info.go:550.19,555.3 4 0
github.com/FalkorDB/redis_exporter/exporter/info.go:556.2,556.8 1 0
github.com/FalkorDB/redis_exporter/exporter/info.go:559.128,561.16 2 0
github.com/FalkorDB/redis_exporter/exporter/info.go:561.16,563.3 1 0
github.com/FalkorDB/redis_exporter/exporter/info.go:566.109,567.89 1 0
github.com/FalkorDB/redis_exporter/exporter/info.go:567.89,569.3 1 0
github.com/FalkorDB/redis_exporter/exporter/key_groups.go:33.99,35.33 2 0
github.com/FalkorDB/redis_exporter/exporter/key_groups.go:35.33,37.3 1 0
github.com/FalkorDB/redis_exporter/exporter/key_groups.go:38.2,38.66 1 0
github.com/FalkorDB/redis_exporter/exporter/key_groups.go:38.66,40.61 2 0
github.com/FalkorDB/redis_exporter/exporter/key_groups.go:40.61,55.4 2 0
github.com/FalkorDB/redis_exporter/exporter/key_groups.go:56.3,56.56 1 0
github.com/FalkorDB/redis_exporter/exporter/key_groups.go:56.56,58.70 2 0
github.com/FalkorDB/redis_exporter/exporter/key_groups.go:58.70,60.5 1 0
github.com/FalkorDB/redis_exporter/exporter/key_groups.go:61.4,62.119 2 0
github.com/FalkorDB/redis_exporter/exporter/key_groups.go:63.9,63.38 1 0
github.com/FalkorDB/redis_exporter/exporter/key_groups.go:63.38,64.46 1 0
github.com/FalkorDB/redis_exporter/exporter/key_groups.go:64.46,66.5 1 0
github.com/FalkorDB/redis_exporter/exporter/key_groups.go:67.4,67.109 1 0
github.com/FalkorDB/redis_exporter/exporter/key_groups.go:70.2,70.135 1 0
github.com/FalkorDB/redis_exporter/exporter/key_groups.go:73.108,79.15 3 0
github.com/FalkorDB/redis_exporter/exporter/key_groups.go:79.15,81.3 1 0
github.com/FalkorDB/redis_exporter/exporter/key_groups.go:82.2,82.55 1 0
github.com/FalkorDB/redis_exporter/exporter/key_groups.go:82.55,84.3 1 0
github.com/FalkorDB/redis_exporter/exporter/key_groups.go:85.2,88.16 2 0
github.com/FalkorDB/redis_exporter/exporter/key_groups.go:88.16,91.3 2 0
github.com/FalkorDB/redis_exporter/exporter/key_groups.go:92.2,92.30 1 0
github.com/FalkorDB/redis_exporter/exporter/key_groups.go:92.30,94.3 1 0
github.com/FalkorDB/redis_exporter/exporter/key_groups.go:96.2,97.30 2 0
github.com/FalkorDB/redis_exporter/exporter/key_groups.go:97.30,98.17 1 0
github.com/FalkorDB/redis_exporter/exporter/key_groups.go:98.17,100.4 1 0
github.com/FalkorDB/redis_exporter/exporter/key_groups.go:102.2,102.39 1 0
github.com/FalkorDB/redis_exporter/exporter/key_groups.go:102.39,104.3 1 0
github.com/FalkorDB/redis_exporter/exporter/key_groups.go:105.2,105.26 1 0
github.com/FalkorDB/redis_exporter/exporter/key_groups.go:105.26,106.56 1 0
github.com/FalkorDB/redis_exporter/exporter/key_groups.go:106.56,108.12 2 0
github.com/FalkorDB/redis_exporter/exporter/key_groups.go:110.3,111.17 2 0
github.com/FalkorDB/redis_exporter/exporter/key_groups.go:111.17,113.12 2 0
github.com/FalkorDB/redis_exporter/exporter/key_groups.go:115.3,116.61 2 0
github.com/FalkorDB/redis_exporter/exporter/key_groups.go:116.61,118.32 2 0
github.com/FalkorDB/redis_exporter/exporter/key_groups.go:118.32,120.5 1 0
github.com/FalkorDB/redis_exporter/exporter/key_groups.go:121.4,121.49 1 0
github.com/FalkorDB/redis_exporter/exporter/key_groups.go:121.49,122.67 1 0
github.com/FalkorDB/redis_exporter/exporter/key_groups.go:122.67,123.56 1 0
github.com/FalkorDB/redis_exporter/exporter/key_groups.go:123.56,125.7 1 0
github.com/FalkorDB/redis_exporter/exporter/key_groups.go:126.6,126.58 1 0
github.com/FalkorDB/redis_exporter/exporter/key_groups.go:128.5,128.69 1 0
github.com/FalkorDB/redis_exporter/exporter/key_groups.go:130.4,131.68 2 0
github.com/FalkorDB/redis_exporter/exporter/key_groups.go:131.68,134.5 2 0
github.com/FalkorDB/redis_exporter/exporter/key_groups.go:135.4,143.5 1 0
github.com/FalkorDB/redis_exporter/exporter/key_groups.go:146.2,146.19 1 0
github.com/FalkorDB/redis_exporter/exporter/key_groups.go:149.116,152.37 3 0
github.com/FalkorDB/redis_exporter/exporter/key_groups.go:152.37,154.3 1 0
github.com/FalkorDB/redis_exporter/exporter/key_groups.go:156.2,204.6 2 0
github.com/FalkorDB/redis_exporter/exporter/key_groups.go:204.6,206.17 2 0
github.com/FalkorDB/redis_exporter/exporter/key_groups.go:206.17,208.4 1 0
github.com/FalkorDB/redis_exporter/exporter/key_groups.go:210.3,210.20 1 0
github.com/FalkorDB/redis_exporter/exporter/key_groups.go:210.20,212.4 1 0
github.com/FalkorDB/redis_exporter/exporter/key_groups.go:214.3,216.32 2 0
github.com/FalkorDB/redis_exporter/exporter/key_groups.go:216.32,222.49 5 0
github.com/FalkorDB/redis_exporter/exporter/key_groups.go:222.49,225.5 2 0
github.com/FalkorDB/redis_exporter/exporter/key_groups.go:225.10,231.5 1 0
github.com/FalkorDB/redis_exporter/exporter/key_groups.go:234.3,234.76 1 0
github.com/FalkorDB/redis_exporter/exporter/key_groups.go:234.76,235.9 1 0
github.com/FalkorDB/redis_exporter/exporter/key_groups.go:238.2,238.23 1 0
github.com/FalkorDB/redis_exporter/exporter/keys.go:20.113,21.71 1 0
github.com/FalkorDB/redis_exporter/exporter/keys.go:21.71,23.3 1 0
github.com/FalkorDB/redis_exporter/exporter/keys.go:29.2,29.72 1 0
github.com/FalkorDB/redis_exporter/exporter/keys.go:29.72,33.3 2 0
github.com/FalkorDB/redis_exporter/exporter/keys.go:33.8,33.78 1 0
github.com/FalkorDB/redis_exporter/exporter/keys.go:33.78,36.3 2 0
github.com/FalkorDB/redis_exporter/exporter/keys.go:37.2,37.8 1 0
github.com/FalkorDB/redis_exporter/exporter/keys.go:40.122,45.17 4 0
github.com/FalkorDB/redis_exporter/exporter/keys.go:46.14,48.9 2 0
github.com/FalkorDB/redis_exporter/exporter/keys.go:50.16,51.69 1 0
github.com/FalkorDB/redis_exporter/exporter/keys.go:52.14,53.58 1 0
github.com/FalkorDB/redis_exporter/exporter/keys.go:54.13,55.59 1 0
github.com/FalkorDB/redis_exporter/exporter/keys.go:56.14,57.59 1 0
github.com/FalkorDB/redis_exporter/exporter/keys.go:58.14,59.58 1 0
github.com/FalkorDB/redis_exporter/exporter/keys.go:60.16,61.58 1 0
github.com/FalkorDB/redis_exporter/exporter/keys.go:62.10,63.69 1 0
github.com/FalkorDB/redis_exporter/exporter/keys.go:66.2,66.16 1 0
github.com/FalkorDB/redis_exporter/exporter/keys.go:66.16,69.3 2 0
github.com/FalkorDB/redis_exporter/exporter/keys.go:71.2,74.81 2 0
github.com/FalkorDB/redis_exporter/exporter/keys.go:74.81,75.61 1 0
github.com/FalkorDB/redis_exporter/exporter/keys.go:75.61,78.4 1 0
github.com/FalkorDB/redis_exporter/exporter/keys.go:78.9,81.4 1 0
github.com/FalkorDB/redis_exporter/exporter/keys.go:85.92,88.16 2 0
github.com/FalkorDB/redis_exporter/exporter/keys.go:88.16,90.3 1 0
github.com/FalkorDB/redis_exporter/exporter/keys.go:91.2,94.16 3 0
github.com/FalkorDB/redis_exporter/exporter/keys.go:94.16,96.3 1 0
github.com/FalkorDB/redis_exporter/exporter/keys.go:97.2,103.96 4 0
github.com/FalkorDB/redis_exporter/exporter/keys.go:103.96,105.3 1 0
github.com/FalkorDB/redis_exporter/exporter/keys.go:105.8,107.3 1 0
github.com/FalkorDB/redis_exporter/exporter/keys.go:109.2,115.25 2 0
github.com/FalkorDB/redis_exporter/exporter/keys.go:115.25,117.3 1 0
github.com/FalkorDB/redis_exporter/exporter/keys.go:117.8,119.3 1 0
github.com/FalkorDB/redis_exporter/exporter/keys.go:120.2,120.12 1 0
github.com/FalkorDB/redis_exporter/exporter/keys.go:123.116,135.28 2 0
github.com/FalkorDB/redis_exporter/exporter/keys.go:135.28,136.34 1 0
github.com/FalkorDB/redis_exporter/exporter/keys.go:136.34,140.4 2 0
github.com/FalkorDB/redis_exporter/exporter/keys.go:140.9,143.4 1 0
github.com/FalkorDB/redis_exporter/exporter/keys.go:146.2,146.43 1 0
github.com/FalkorDB/redis_exporter/exporter/keys.go:146.43,150.49 3 0
github.com/FalkorDB/redis_exporter/exporter/keys.go:150.49,152.12 2 0
github.com/FalkorDB/redis_exporter/exporter/keys.go:159.3,159.39 1 0
github.com/FalkorDB/redis_exporter/exporter/keys.go:159.39,161.50 2 0
github.com/FalkorDB/redis_exporter/exporter/keys.go:161.50,164.5 2 0
github.com/FalkorDB/redis_exporter/exporter/keys.go:165.4,166.61 2 0
github.com/FalkorDB/redis_exporter/exporter/keys.go:166.61,169.5 2 0
github.com/FalkorDB/redis_exporter/exporter/keys.go:172.3,173.35 2 0
github.com/FalkorDB/redis_exporter/exporter/keys.go:173.35,176.4 2 0
github.com/FalkorDB/redis_exporter/exporter/keys.go:179.3,179.54 1 0
github.com/FalkorDB/redis_exporter/exporter/keys.go:179.54,181.12 2 0
github.com/FalkorDB/redis_exporter/exporter/keys.go:188.3,189.41 2 0
github.com/FalkorDB/redis_exporter/exporter/keys.go:189.41,192.18 3 0
github.com/FalkorDB/redis_exporter/exporter/keys.go:192.18,194.13 2 0
github.com/FalkorDB/redis_exporter/exporter/keys.go:196.4,197.18 2 0
github.com/FalkorDB/redis_exporter/exporter/keys.go:197.18,199.13 1 0
github.com/FalkorDB/redis_exporter/exporter/keys.go:202.4,206.13 1 0
github.com/FalkorDB/redis_exporter/exporter/keys.go:213.3,213.63 1 0
github.com/FalkorDB/redis_exporter/exporter/keys.go:217.140,218.40 1 0
github.com/FalkorDB/redis_exporter/exporter/keys.go:218.40,220.18 2 0
github.com/FalkorDB/redis_exporter/exporter/keys.go:221.15,222.12 1 0
github.com/FalkorDB/redis_exporter/exporter/keys.go:224.17,226.53 2 0
github.com/FalkorDB/redis_exporter/exporter/keys.go:226.53,229.5 2 0
github.com/FalkorDB/redis_exporter/exporter/keys.go:231.4,232.52 2 0
github.com/FalkorDB/redis_exporter/exporter/keys.go:232.52,235.5 2 0
github.com/FalkorDB/redis_exporter/exporter/keys.go:237.4,238.49 2 0
github.com/FalkorDB/redis_exporter/exporter/keys.go:238.49,241.5 2 0
github.com/FalkorDB/redis_exporter/exporter/keys.go:243.15,245.50 2 0
github.com/FalkorDB/redis_exporter/exporter/keys.go:245.50,248.5 2 0
github.com/FalkorDB/redis_exporter/exporter/keys.go:250.14,252.51 2 0
github.com/FalkorDB/redis_exporter/exporter/keys.go:252.51,255.5 2 0
github.com/FalkorDB/redis_exporter/exporter/keys.go:256.15,258.51 2 0
github.com/FalkorDB/redis_exporter/exporter/keys.go:258.51,261.5 2 0
github.com/FalkorDB/redis_exporter/exporter/keys.go:263.15,265.50 2 0
github.com/FalkorDB/redis_exporter/exporter/keys.go:265.50,268.5 2 0
github.com/FalkorDB/redis_exporter/exporter/keys.go:270.17,272.50 2 0
github.com/FalkorDB/redis_exporter/exporter/keys.go:272.50,275.5 2 0
github.com/FalkorDB/redis_exporter/exporter/keys.go:276.11,278.12 2 0
github.com/FalkorDB/redis_exporter/exporter/keys.go:282.2,283.34 2 0
github.com/FalkorDB/redis_exporter/exporter/keys.go:283.34,286.3 2 0
github.com/FalkorDB/redis_exporter/exporter/keys.go:288.2,288.40 1 0
github.com/FalkorDB/redis_exporter/exporter/keys.go:288.40,295.18 5 0
github.com/FalkorDB/redis_exporter/exporter/keys.go:296.15,297.55 1 0
github.com/FalkorDB/redis_exporter/exporter/keys.go:299.17,304.71 4 0
github.com/FalkorDB/redis_exporter/exporter/keys.go:304.71,306.5 1 0
github.com/FalkorDB/redis_exporter/exporter/keys.go:308.4,310.21 2 0
github.com/FalkorDB/redis_exporter/exporter/keys.go:310.21,317.5 2 0
github.com/FalkorDB/redis_exporter/exporter/keys.go:317.10,317.28 1 0
github.com/FalkorDB/redis_exporter/exporter/keys.go:317.28,321.5 2 0
github.com/FalkorDB/redis_exporter/exporter/keys.go:321.10,322.13 1 0
github.com/FalkorDB/redis_exporter/exporter/keys.go:325.48,326.40 1 0
github.com/FalkorDB/redis_exporter/exporter/keys.go:327.11,328.70 1 0
github.com/FalkorDB/redis_exporter/exporter/keys.go:331.3,331.17 1 0
github.com/FalkorDB/redis_exporter/exporter/keys.go:331.17,333.12 2 0
github.com/FalkorDB/redis_exporter/exporter/keys.go:336.3,336.82 1 0
github.com/FalkorDB/redis_exporter/exporter/keys.go:336.82,337.62 1 0
github.com/FalkorDB/redis_exporter/exporter/keys.go:337.62,340.5 1 0
github.com/FalkorDB/redis_exporter/exporter/keys.go:340.10,343.5 1 0
github.com/FalkorDB/redis_exporter/exporter/keys.go:346.3,346.78 1 0
github.com/FalkorDB/redis_exporter/exporter/keys.go:350.119,353.28 1 0
github.com/FalkorDB/redis_exporter/exporter/keys.go:353.28,357.17 3 0
github.com/FalkorDB/redis_exporter/exporter/keys.go:357.17,359.12 2 0
github.com/FalkorDB/redis_exporter/exporter/keys.go:362.3,362.95 1 0
github.com/FalkorDB/redis_exporter/exporter/keys.go:362.95,364.4 1 0
github.com/FalkorDB/redis_exporter/exporter/keys.go:364.9,366.4 1 0
github.com/FalkorDB/redis_exporter/exporter/keys.go:368.3,369.47 2 0
github.com/FalkorDB/redis_exporter/exporter/keys.go:373.87,375.16 2 0
github.com/FalkorDB/redis_exporter/exporter/keys.go:375.16,378.3 2 0
github.com/FalkorDB/redis_exporter/exporter/keys.go:380.2,380.28 1 0
github.com/FalkorDB/redis_exporter/exporter/keys.go:380.28,381.58 1 0
github.com/FalkorDB/redis_exporter/exporter/keys.go:381.58,383.12 2 0
github.com/FalkorDB/redis_exporter/exporter/keys.go:385.3,386.17 2 0
github.com/FalkorDB/redis_exporter/exporter/keys.go:386.17,388.12 2 0
github.com/FalkorDB/redis_exporter/exporter/keys.go:390.3,391.77 2 0
github.com/FalkorDB/redis_exporter/exporter/keys.go:395.75,399.16 3 0
github.com/FalkorDB/redis_exporter/exporter/keys.go:399.16,401.3 1 0
github.com/FalkorDB/redis_exporter/exporter/keys.go:402.2,404.23 2 0
github.com/FalkorDB/redis_exporter/exporter/keys.go:414.109,416.25 2 0
github.com/FalkorDB/redis_exporter/exporter/keys.go:416.25,417.37 1 0
github.com/FalkorDB/redis_exporter/exporter/keys.go:417.37,418.59 1 0
github.com/FalkorDB/redis_exporter/exporter/keys.go:418.59,420.5 1 0
github.com/FalkorDB/redis_exporter/exporter/keys.go:421.4,422.18 2 0
github.com/FalkorDB/redis_exporter/exporter/keys.go:422.18,424.13 2 0
github.com/FalkorDB/redis_exporter/exporter/keys.go:427.4,427.37 1 0
github.com/FalkorDB/redis_exporter/exporter/keys.go:427.37,429.5 1 0
github.com/FalkorDB/redis_exporter/exporter/keys.go:430.9,432.4 1 0
github.com/FalkorDB/redis_exporter/exporter/keys.go:435.2,435.26 1 0
github.com/FalkorDB/redis_exporter/exporter/keys.go:439.70,440.25 1 1
github.com/FalkorDB/redis_exporter/exporter/keys.go:440.25,443.3 2 1
github.com/FalkorDB/redis_exporter/exporter/keys.go:444.2,444.54 1 0
github.com/FalkorDB/redis_exporter/exporter/keys.go:444.54,447.14 3 0
github.com/FalkorDB/redis_exporter/exporter/keys.go:447.14,448.12 1 0
github.com/FalkorDB/redis_exporter/exporter/keys.go:450.3,451.21 2 0
github.com/FalkorDB/redis_exporter/exporter/keys.go:452.10,454.61 2 0
github.com/FalkorDB/redis_exporter/exporter/keys.go:455.10,457.61 2 0
github.com/FalkorDB/redis_exporter/exporter/keys.go:458.11,459.63 1 0
github.com/FalkorDB/redis_exporter/exporter/keys.go:461.3,461.17 1 0
github.com/FalkorDB/redis_exporter/exporter/keys.go:461.17,463.4 1 0
github.com/FalkorDB/redis_exporter/exporter/keys.go:467.3,467.28 1 0
github.com/FalkorDB/redis_exporter/exporter/keys.go:467.28,469.12 2 0
github.com/FalkorDB/redis_exporter/exporter/keys.go:472.3,473.31 2 0
github.com/FalkorDB/redis_exporter/exporter/keys.go:473.31,475.4 1 0
github.com/FalkorDB/redis_exporter/exporter/keys.go:477.3,477.42 1 0
github.com/FalkorDB/redis_exporter/exporter/keys.go:479.2,479.18 1 0
github.com/FalkorDB/redis_exporter/exporter/keys.go:484.82,485.19 1 0
github.com/FalkorDB/redis_exporter/exporter/keys.go:485.19,487.3 1 0
github.com/FalkorDB/redis_exporter/exporter/keys.go:489.2,490.6 2 0
github.com/FalkorDB/redis_exporter/exporter/keys.go:490.6,492.17 2 0
github.com/FalkorDB/redis_exporter/exporter/keys.go:492.17,494.4 1 0
github.com/FalkorDB/redis_exporter/exporter/keys.go:495.3,495.20 1 0
github.com/FalkorDB/redis_exporter/exporter/keys.go:495.20,497.4 1 0
github.com/FalkorDB/redis_exporter/exporter/keys.go:499.3,502.50 3 0
github.com/FalkorDB/redis_exporter/exporter/keys.go:502.50,503.9 1 0
github.com/FalkorDB/redis_exporter/exporter/keys.go:507.2,507.18 1 0
github.com/FalkorDB/redis_exporter/exporter/latency.go:20.101,23.2 2 0
github.com/FalkorDB/redis_exporter/exporter/latency.go:25.104,27.16 2 0
github.com/FalkorDB/redis_exporter/exporter/latency.go:27.16,32.30 1 0
github.com/FalkorDB/redis_exporter/exporter/latency.go:32.30,34.4 1 0
github.com/FalkorDB/redis_exporter/exporter/latency.go:35.3,36.9 2 0
github.com/FalkorDB/redis_exporter/exporter/latency.go:39.2,39.26 1 0
github.com/FalkorDB/redis_exporter/exporter/latency.go:39.26,40.61 1 0
github.com/FalkorDB/redis_exporter/exporter/latency.go:40.61,43.108 3 0
github.com/FalkorDB/redis_exporter/exporter/latency.go:43.108,47.5 3 0
github.com/FalkorDB/redis_exporter/exporter/latency.go:55.123,57.16 2 0
github.com/FalkorDB/redis_exporter/exporter/latency.go:57.16,58.33 1 0
github.com/FalkorDB/redis_exporter/exporter/latency.go:58.33,60.4 1 0
github.com/FalkorDB/redis_exporter/exporter/latency.go:61.3,62.9 2 0
github.com/FalkorDB/redis_exporter/exporter/latency.go:65.2,65.39 1 0
github.com/FalkorDB/redis_exporter/exporter/latency.go:65.39,72.84 5 0
github.com/FalkorDB/redis_exporter/exporter/latency.go:72.84,73.9 1 0
github.com/FalkorDB/redis_exporter/exporter/latency.go:76.3,78.45 2 0
github.com/FalkorDB/redis_exporter/exporter/latency.go:78.45,82.4 3 0
github.com/FalkorDB/redis_exporter/exporter/latency.go:84.3,87.110 3 0
github.com/FalkorDB/redis_exporter/exporter/latency.go:91.68,95.32 3 0
github.com/FalkorDB/redis_exporter/exporter/latency.go:95.32,96.63 1 0
github.com/FalkorDB/redis_exporter/exporter/latency.go:96.63,97.12 1 0
github.com/FalkorDB/redis_exporter/exporter/latency.go:100.3,101.17 2 0
github.com/FalkorDB/redis_exporter/exporter/latency.go:101.17,103.12 2 0
github.com/FalkorDB/redis_exporter/exporter/latency.go:106.3,106.17 1 0
github.com/FalkorDB/redis_exporter/exporter/latency.go:109.2,109.14 1 0
github.com/FalkorDB/redis_exporter/exporter/lua.go:11.125,13.33 2 0
github.com/FalkorDB/redis_exporter/exporter/lua.go:13.33,15.3 1 0
github.com/FalkorDB/redis_exporter/exporter/lua.go:17.2,19.16 3 0
github.com/FalkorDB/redis_exporter/exporter/lua.go:19.16,23.3 3 0
github.com/FalkorDB/redis_exporter/exporter/lua.go:25.2,25.18 1 0
github.com/FalkorDB/redis_exporter/exporter/lua.go:25.18,29.3 3 0
github.com/FalkorDB/redis_exporter/exporter/lua.go:31.2,31.33 1 0
github.com/FalkorDB/redis_exporter/exporter/lua.go:31.33,33.17 2 0
github.com/FalkorDB/redis_exporter/exporter/lua.go:33.17,37.4 3 0
github.com/FalkorDB/redis_exporter/exporter/lua.go:38.3,38.70 1 0
github.com/FalkorDB/redis_exporter/exporter/lua.go:40.2,41.12 2 0
github.com/FalkorDB/redis_exporter/exporter/metrics.go:15.42,17.2 1 0
github.com/FalkorDB/redis_exporter/exporter/metrics.go:19.110,21.2 1 1
github.com/FalkorDB/redis_exporter/exporter/metrics.go:23.49,24.104 1 0
github.com/FalkorDB/redis_exporter/exporter/metrics.go:24.104,26.3 1 0
github.com/FalkorDB/redis_exporter/exporter/metrics.go:27.2,27.39 1 0
github.com/FalkorDB/redis_exporter/exporter/metrics.go:27.39,29.3 1 0
github.com/FalkorDB/redis_exporter/exporter/metrics.go:31.2,32.11 2 0
github.com/FalkorDB/redis_exporter/exporter/metrics.go:35.106,38.54 3 0
github.com/FalkorDB/redis_exporter/exporter/metrics.go:38.54,40.3 1 0
github.com/FalkorDB/redis_exporter/exporter/metrics.go:40.8,41.57 1 0
github.com/FalkorDB/redis_exporter/exporter/metrics.go:41.57,43.4 1 0
github.com/FalkorDB/redis_exporter/exporter/metrics.go:46.2,49.20 3 0
github.com/FalkorDB/redis_exporter/exporter/metrics.go:51.20,52.10 1 0
github.com/FalkorDB/redis_exporter/exporter/metrics.go:54.30,55.10 1 0
github.com/FalkorDB/redis_exporter/exporter/metrics.go:57.10,58.48 1 0
github.com/FalkorDB/redis_exporter/exporter/metrics.go:61.2,61.16 1 0
github.com/FalkorDB/redis_exporter/exporter/metrics.go:61.16,64.3 2 0
github.com/FalkorDB/redis_exporter/exporter/metrics.go:66.2,67.46 2 0
github.com/FalkorDB/redis_exporter/exporter/metrics.go:67.46,69.3 1 0
github.com/FalkorDB/redis_exporter/exporter/metrics.go:71.2,71.20 1 0
github.com/FalkorDB/redis_exporter/exporter/metrics.go:72.26,74.18 2 0
github.com/FalkorDB/redis_exporter/exporter/metrics.go:77.2,77.47 1 0
github.com/FalkorDB/redis_exporter/exporter/metrics.go:80.120,82.2 1 1
github.com/FalkorDB/redis_exporter/exporter/metrics.go:84.150,86.27 2 1
github.com/FalkorDB/redis_exporter/exporter/metrics.go:86.27,88.3 1 0
github.com/FalkorDB/redis_exporter/exporter/metrics.go:88.8,90.3 1 1
github.com/FalkorDB/redis_exporter/exporter/metrics.go:92.2,92.150 1 1
github.com/FalkorDB/redis_exporter/exporter/metrics.go:92.150,94.3 1 0
github.com/FalkorDB/redis_exporter/exporter/metrics.go:95.2,96.16 2 1
github.com/FalkorDB/redis_exporter/exporter/metrics.go:96.16,99.3 2 0
github.com/FalkorDB/redis_exporter/exporter/metrics.go:101.2,101.9 1 1
github.com/FalkorDB/redis_exporter/exporter/metrics.go:104.167,105.39 1 0
github.com/FalkorDB/redis_exporter/exporter/metrics.go:105.39,107.3 1 0
github.com/FalkorDB/redis_exporter/exporter/metrics.go:109.2,115.15 2 0
github.com/FalkorDB/redis_exporter/exporter/metrics.go:118.165,119.39 1 0
github.com/FalkorDB/redis_exporter/exporter/metrics.go:119.39,121.3 1 0
github.com/FalkorDB/redis_exporter/exporter/metrics.go:122.2,128.17 2 0
github.com/FalkorDB/redis_exporter/exporter/metrics.go:131.82,133.12 2 1
github.com/FalkorDB/redis_exporter/exporter/metrics.go:133.12,134.76 1 0
github.com/FalkorDB/redis_exporter/exporter/metrics.go:136.2,136.20 1 1
github.com/FalkorDB/redis_exporter/exporter/metrics.go:139.97,140.60 1 0
github.com/FalkorDB/redis_exporter/exporter/metrics.go:140.60,142.3 1 0
github.com/FalkorDB/redis_exporter/exporter/metrics.go:143.2,143.158 1 0
github.com/FalkorDB/redis_exporter/exporter/metrics.go:143.158,145.3 1 0
github.com/FalkorDB/redis_exporter/exporter/metrics.go:146.2,148.10 3 0
github.com/FalkorDB/redis_exporter/exporter/modules.go:11.85,13.16 2 0
github.com/FalkorDB/redis_exporter/exporter/modules.go:13.16,16.3 2 0
github.com/FalkorDB/redis_exporter/exporter/modules.go:18.2,24.16 3 0
github.com/FalkorDB/redis_exporter/exporter/modules.go:24.16,26.3 1 0
github.com/FalkorDB/redis_exporter/exporter/modules.go:26.8,28.3 1 0
github.com/FalkorDB/redis_exporter/exporter/modules.go:31.79,33.29 2 0
github.com/FalkorDB/redis_exporter/exporter/modules.go:33.29,37.52 3 0
github.com/FalkorDB/redis_exporter/exporter/modules.go:37.52,38.12 1 0
github.com/FalkorDB/redis_exporter/exporter/modules.go:41.3,43.27 2 0
github.com/FalkorDB/redis_exporter/exporter/modules.go:43.27,46.24 2 0
github.com/FalkorDB/redis_exporter/exporter/modules.go:46.24,47.13 1 0
github.com/FalkorDB/redis_exporter/exporter/modules.go:49.4,49.46 1 0
github.com/FalkorDB/redis_exporter/exporter/modules.go:49.46,51.24 2 0
github.com/FalkorDB/redis_exporter/exporter/modules.go:51.24,53.6 1 0
github.com/FalkorDB/redis_exporter/exporter/modules.go:54.5,54.20 1 0
github.com/FalkorDB/redis_exporter/exporter/modules.go:56.4,64.12 2 0
github.com/FalkorDB/redis_exporter/exporter/modules.go:67.3,70.33 3 0
github.com/FalkorDB/redis_exporter/exporter/modules.go:70.33,71.12 1 0
github.com/FalkorDB/redis_exporter/exporter/modules.go:73.3,73.58 1 0
github.com/FalkorDB/redis_exporter/exporter/nodes.go:13.68,15.16 2 0
github.com/FalkorDB/redis_exporter/exporter/nodes.go:15.16,18.3 2 0
github.com/FalkorDB/redis_exporter/exporter/nodes.go:20.2,23.29 3 0
github.com/FalkorDB/redis_exporter/exporter/nodes.go:23.29,24.87 1 0
github.com/FalkorDB/redis_exporter/exporter/nodes.go:24.87,26.4 1 0
github.com/FalkorDB/redis_exporter/exporter/nodes.go:29.2,29.19 1 0
github.com/FalkorDB/redis_exporter/exporter/nodes.go:36.79,40.21 3 0
github.com/FalkorDB/redis_exporter/exporter/nodes.go:40.21,43.3 2 0
github.com/FalkorDB/redis_exporter/exporter/nodes.go:45.2,46.22 2 0
github.com/FalkorDB/redis_exporter/exporter/nodes.go:46.22,49.3 2 0
github.com/FalkorDB/redis_exporter/exporter/nodes.go:52.2,52.62 1 0
github.com/FalkorDB/redis_exporter/exporter/nodes.go:52.62,54.3 1 0
github.com/FalkorDB/redis_exporter/exporter/nodes.go:55.2,55.44 1 0
github.com/FalkorDB/redis_exporter/exporter/pwd_file.go:11.66,16.16 4 0
github.com/FalkorDB/redis_exporter/exporter/pwd_file.go:16.16,19.3 2 0
github.com/FalkorDB/redis_exporter/exporter/pwd_file.go:20.2,21.16 2 0
github.com/FalkorDB/redis_exporter/exporter/pwd_file.go:21.16,24.3 2 0
github.com/FalkorDB/redis_exporter/exporter/pwd_file.go:26.2,27.21 2 0
github.com/FalkorDB/redis_exporter/exporter/pwd_file.go:27.21,29.3 1 0
github.com/FalkorDB/redis_exporter/exporter/pwd_file.go:31.2,31.17 1 0
github.com/FalkorDB/redis_exporter/exporter/redis.go:14.77,16.16 2 0
github.com/FalkorDB/redis_exporter/exporter/redis.go:16.16,18.3 1 0
github.com/FalkorDB/redis_exporter/exporter/redis.go:20.2,28.26 2 0
github.com/FalkorDB/redis_exporter/exporter/redis.go:28.26,30.3 1 0
github.com/FalkorDB/redis_exporter/exporter/redis.go:32.2,32.30 1 0
github.com/FalkorDB/redis_exporter/exporter/redis.go:32.30,34.3 1 0
github.com/FalkorDB/redis_exporter/exporter/redis.go:36.2,36.68 1 0
github.com/FalkorDB/redis_exporter/exporter/redis.go:36.68,38.3 1 0
github.com/FalkorDB/redis_exporter/exporter/redis.go:40.2,40.21 1 0
github.com/FalkorDB/redis_exporter/exporter/redis.go:43.75,45.16 2 0
github.com/FalkorDB/redis_exporter/exporter/redis.go:45.16,47.3 1 0
github.com/FalkorDB/redis_exporter/exporter/redis.go:49.2,49.26 1 0
github.com/FalkorDB/redis_exporter/exporter/redis.go:49.26,51.3 1 0
github.com/FalkorDB/redis_exporter/exporter/redis.go:52.2,58.60 4 0
github.com/FalkorDB/redis_exporter/exporter/redis.go:58.60,60.3 1 0
github.com/FalkorDB/redis_exporter/exporter/redis.go:61.2,61.18 1 0
github.com/FalkorDB/redis_exporter/exporter/redis.go:64.57,66.35 2 0
github.com/FalkorDB/redis_exporter/exporter/redis.go:66.35,68.3 1 0
github.com/FalkorDB/redis_exporter/exporter/redis.go:70.2,71.16 2 0
github.com/FalkorDB/redis_exporter/exporter/redis.go:71.16,73.3 1 0
github.com/FalkorDB/redis_exporter/exporter/redis.go:75.2,77.16 3 0
github.com/FalkorDB/redis_exporter/exporter/redis.go:77.16,79.66 2 0
github.com/FalkorDB/redis_exporter/exporter/redis.go:79.66,82.4 2 0
github.com/FalkorDB/redis_exporter/exporter/redis.go:82.9,85.4 2 0
github.com/FalkorDB/redis_exporter/exporter/redis.go:87.2,87.15 1 0
github.com/FalkorDB/redis_exporter/exporter/redis.go:90.64,92.35 2 0
github.com/FalkorDB/redis_exporter/exporter/redis.go:92.35,94.3 1 0
github.com/FalkorDB/redis_exporter/exporter/redis.go:96.2,97.16 2 0
github.com/FalkorDB/redis_exporter/exporter/redis.go:97.16,99.3 1 0
github.com/FalkorDB/redis_exporter/exporter/redis.go:102.2,102.34 1 0
github.com/FalkorDB/redis_exporter/exporter/redis.go:102.34,104.21 2 0
github.com/FalkorDB/redis_exporter/exporter/redis.go:104.21,106.4 1 0
github.com/FalkorDB/redis_exporter/exporter/redis.go:106.9,108.4 1 0
github.com/FalkorDB/redis_exporter/exporter/redis.go:109.8,110.56 1 0
github.com/FalkorDB/redis_exporter/exporter/redis.go:110.56,112.4 1 0
github.com/FalkorDB/redis_exporter/exporter/redis.go:115.2,121.42 4 0
github.com/FalkorDB/redis_exporter/exporter/redis.go:121.42,124.3 2 0
github.com/FalkorDB/redis_exporter/exporter/redis.go:126.2,128.16 3 0
github.com/FalkorDB/redis_exporter/exporter/redis.go:128.16,131.3 2 0
github.com/FalkorDB/redis_exporter/exporter/redis.go:133.2,134.16 2 0
github.com/FalkorDB/redis_exporter/exporter/redis.go:134.16,137.3 2 0
github.com/FalkorDB/redis_exporter/exporter/redis.go:139.2,139.15 1 0
github.com/FalkorDB/redis_exporter/exporter/redis.go:142.69,145.16 3 0
github.com/FalkorDB/redis_exporter/exporter/redis.go:145.16,147.3 1 0
github.com/FalkorDB/redis_exporter/exporter/redis.go:148.2,149.17 2 0
github.com/FalkorDB/redis_exporter/exporter/search_indexes.go:41.91,44.16 3 0
github.com/FalkorDB/redis_exporter/exporter/search_indexes.go:44.16,47.3 2 0
github.com/FalkorDB/redis_exporter/exporter/search_indexes.go:50.2,51.41 2 0
github.com/FalkorDB/redis_exporter/exporter/search_indexes.go:51.41,52.41 1 0
github.com/FalkorDB/redis_exporter/exporter/search_indexes.go:52.41,54.4 1 0
github.com/FalkorDB/redis_exporter/exporter/search_indexes.go:57.2,57.38 1 0
github.com/FalkorDB/redis_exporter/exporter/search_indexes.go:57.38,59.17 2 0
github.com/FalkorDB/redis_exporter/exporter/search_indexes.go:59.17,62.4 2 0
github.com/FalkorDB/redis_exporter/exporter/search_indexes.go:65.3,66.62 2 0
github.com/FalkorDB/redis_exporter/exporter/search_indexes.go:66.62,68.12 2 0
github.com/FalkorDB/redis_exporter/exporter/search_indexes.go:71.3,94.108 24 0
github.com/FalkorDB/redis_exporter/exporter/sentinels.go:15.107,16.18 1 0
github.com/FalkorDB/redis_exporter/exporter/sentinels.go:22.37,25.9 3 0
github.com/FalkorDB/redis_exporter/exporter/sentinels.go:28.2,28.135 1 0
github.com/FalkorDB/redis_exporter/exporter/sentinels.go:28.135,30.27 2 0
github.com/FalkorDB/redis_exporter/exporter/sentinels.go:30.27,32.4 1 0
github.com/FalkorDB/redis_exporter/exporter/sentinels.go:33.3,36.9 4 0
github.com/FalkorDB/redis_exporter/exporter/sentinels.go:40.86,42.16 2 0
github.com/FalkorDB/redis_exporter/exporter/sentinels.go:42.16,45.3 2 0
github.com/FalkorDB/redis_exporter/exporter/sentinels.go:47.2,49.45 2 0
github.com/FalkorDB/redis_exporter/exporter/sentinels.go:49.45,51.17 2 0
github.com/FalkorDB/redis_exporter/exporter/sentinels.go:51.17,53.12 2 0
github.com/FalkorDB/redis_exporter/exporter/sentinels.go:56.3,57.10 2 0
github.com/FalkorDB/redis_exporter/exporter/sentinels.go:57.10,58.12 1 0
github.com/FalkorDB/redis_exporter/exporter/sentinels.go:61.3,62.10 2 0
github.com/FalkorDB/redis_exporter/exporter/sentinels.go:62.10,63.12 1 0
github.com/FalkorDB/redis_exporter/exporter/sentinels.go:66.3,67.10 2 0
github.com/FalkorDB/redis_exporter/exporter/sentinels.go:67.10,68.12 1 0
github.com/FalkorDB/redis_exporter/exporter/sentinels.go:70.3,75.17 5 0
github.com/FalkorDB/redis_exporter/exporter/sentinels.go:75.17,78.4 2 0
github.com/FalkorDB/redis_exporter/exporter/sentinels.go:79.3,102.68 20 0
github.com/FalkorDB/redis_exporter/exporter/sentinels.go:106.85,107.34 1 0
github.com/FalkorDB/redis_exporter/exporter/sentinels.go:107.34,109.3 1 0
github.com/FalkorDB/redis_exporter/exporter/sentinels.go:110.2,111.16 2 0
github.com/FalkorDB/redis_exporter/exporter/sentinels.go:111.16,114.3 2 0
github.com/FalkorDB/redis_exporter/exporter/sentinels.go:116.2,118.45 2 0
github.com/FalkorDB/redis_exporter/exporter/sentinels.go:118.45,120.61 2 0
github.com/FalkorDB/redis_exporter/exporter/sentinels.go:120.61,122.4 1 0
github.com/FalkorDB/redis_exporter/exporter/sentinels.go:126.115,133.21 5 0
github.com/FalkorDB/redis_exporter/exporter/sentinels.go:133.21,136.3 2 0
github.com/FalkorDB/redis_exporter/exporter/sentinels.go:138.2,138.49 1 0
github.com/FalkorDB/redis_exporter/exporter/sentinels.go:138.49,140.17 2 0
github.com/FalkorDB/redis_exporter/exporter/sentinels.go:140.17,142.12 2 0
github.com/FalkorDB/redis_exporter/exporter/sentinels.go:145.3,146.45 2 0
github.com/FalkorDB/redis_exporter/exporter/sentinels.go:146.45,148.4 1 0
github.com/FalkorDB/redis_exporter/exporter/sentinels.go:149.3,150.43 2 0
github.com/FalkorDB/redis_exporter/exporter/sentinels.go:150.43,152.4 1 0
github.com/FalkorDB/redis_exporter/exporter/sentinels.go:153.3,154.45 2 0
github.com/FalkorDB/redis_exporter/exporter/sentinels.go:154.45,156.4 1 0
github.com/FalkorDB/redis_exporter/exporter/sentinels.go:157.3,158.46 2 0
github.com/FalkorDB/redis_exporter/exporter/sentinels.go:158.46,160.4 1 0
github.com/FalkorDB/redis_exporter/exporter/sentinels.go:161.3,163.46 3 0
github.com/FalkorDB/redis_exporter/exporter/sentinels.go:163.46,166.4 2 0
github.com/FalkorDB/redis_exporter/exporter/sentinels.go:167.3,167.56 1 0
github.com/FalkorDB/redis_exporter/exporter/sentinels.go:167.56,169.4 1 0
github.com/FalkorDB/redis_exporter/exporter/sentinels.go:171.3,171.18 1 0
github.com/FalkorDB/redis_exporter/exporter/sentinels.go:171.18,172.12 1 0
github.com/FalkorDB/redis_exporter/exporter/sentinels.go:174.3,174.40 1 0
github.com/FalkorDB/redis_exporter/exporter/sentinels.go:174.40,175.12 1 0
github.com/FalkorDB/redis_exporter/exporter/sentinels.go:177.3,177.40 1 0
github.com/FalkorDB/redis_exporter/exporter/sentinels.go:177.40,178.12 1 0
github.com/FalkorDB/redis_exporter/exporter/sentinels.go:180.3,180.44 1 0
github.com/FalkorDB/redis_exporter/exporter/sentinels.go:182.2,182.103 1 0
github.com/FalkorDB/redis_exporter/exporter/sentinels.go:185.109,187.43 2 0
github.com/FalkorDB/redis_exporter/exporter/sentinels.go:187.43,189.17 2 0
github.com/FalkorDB/redis_exporter/exporter/sentinels.go:189.17,191.12 2 0
github.com/FalkorDB/redis_exporter/exporter/sentinels.go:194.3,195.10 2 0
github.com/FalkorDB/redis_exporter/exporter/sentinels.go:195.10,196.12 1 0
github.com/FalkorDB/redis_exporter/exporter/sentinels.go:198.3,198.45 1 0
github.com/FalkorDB/redis_exporter/exporter/sentinels.go:198.45,199.12 1 0
github.com/FalkorDB/redis_exporter/exporter/sentinels.go:201.3,201.45 1 0
github.com/FalkorDB/redis_exporter/exporter/sentinels.go:201.45,202.12 1 0
github.com/FalkorDB/redis_exporter/exporter/sentinels.go:204.3,204.38 1 0
github.com/FalkorDB/redis_exporter/exporter/sentinels.go:206.2,206.22 1 0
github.com/FalkorDB/redis_exporter/exporter/sentinels.go:206.22,208.3 1 0
github.com/FalkorDB/redis_exporter/exporter/sentinels.go:217.182,219.43 2 0
github.com/FalkorDB/redis_exporter/exporter/sentinels.go:219.43,221.3 1 0
github.com/FalkorDB/redis_exporter/exporter/sentinels.go:222.2,223.56 2 0
github.com/FalkorDB/redis_exporter/exporter/sentinels.go:223.56,225.18 2 0
github.com/FalkorDB/redis_exporter/exporter/sentinels.go:225.18,227.12 2 0
github.com/FalkorDB/redis_exporter/exporter/sentinels.go:229.3,229.33 1 0
github.com/FalkorDB/redis_exporter/exporter/sentinels.go:232.2,236.16 5 0
github.com/FalkorDB/redis_exporter/exporter/sentinels.go:236.16,239.3 2 0
github.com/FalkorDB/redis_exporter/exporter/sentinels.go:240.2,241.16 2 0
github.com/FalkorDB/redis_exporter/exporter/sentinels.go:241.16,244.3 2 0
github.com/FalkorDB/redis_exporter/exporter/sentinels.go:245.2,247.8 2 0
github.com/FalkorDB/redis_exporter/exporter/slowlog.go:12.85,13.76 1 0
github.com/FalkorDB/redis_exporter/exporter/slowlog.go:13.76,15.3 1 0
github.com/FalkorDB/redis_exporter/exporter/slowlog.go:17.2,18.16 2 0
github.com/FalkorDB/redis_exporter/exporter/slowlog.go:18.16,20.3 1 0
github.com/FalkorDB/redis_exporter/exporter/slowlog.go:22.2,25.21 3 0
github.com/FalkorDB/redis_exporter/exporter/slowlog.go:25.21,26.80 1 0
github.com/FalkorDB/redis_exporter/exporter/slowlog.go:26.80,27.39 1 0
github.com/FalkorDB/redis_exporter/exporter/slowlog.go:27.39,29.5 1 0
github.com/FalkorDB/redis_exporter/exporter/slowlog.go:30.4,30.23 1 0
github.com/FalkorDB/redis_exporter/exporter/slowlog.go:30.23,31.41 1 0
github.com/FalkorDB/redis_exporter/exporter/slowlog.go:31.41,33.6 1 0
github.com/FalkorDB/redis_exporter/exporter/slowlog.go:38.2,39.106 2 0
github.com/FalkorDB/redis_exporter/exporter/slowlog.go:42.92,45.16 3 0
github.com/FalkorDB/redis_exporter/exporter/slowlog.go:45.16,48.3 2 0
github.com/FalkorDB/redis_exporter/exporter/slowlog.go:49.2,49.38 1 0
github.com/FalkorDB/redis_exporter/exporter/slowlog.go:49.38,50.85 1 0
github.com/FalkorDB/redis_exporter/exporter/slowlog.go:50.85,55.18 5 0
github.com/FalkorDB/redis_exporter/exporter/slowlog.go:55.18,57.5 1 0
github.com/FalkorDB/redis_exporter/exporter/slowlog.go:58.4,59.18 2 0
github.com/FalkorDB/redis_exporter/exporter/slowlog.go:59.18,62.5 2 0
github.com/FalkorDB/redis_exporter/exporter/slowlog.go:64.4,65.34 2 0
github.com/FalkorDB/redis_exporter/exporter/slowlog.go:65.34,66.17 1 0
github.com/FalkorDB/redis_exporter/exporter/slowlog.go:66.17,68.6 1 0
github.com/FalkorDB/redis_exporter/exporter/slowlog.go:70.4,72.18 3 0
github.com/FalkorDB/redis_exporter/exporter/slowlog.go:72.18,75.5 2 0
github.com/FalkorDB/redis_exporter/exporter/slowlog.go:76.4,76.133 1 0
github.com/FalkorDB/redis_exporter/exporter/streams.go:42.67,44.16 2 0
github.com/FalkorDB/redis_exporter/exporter/streams.go:44.16,46.3 1 0
github.com/FalkorDB/redis_exporter/exporter/streams.go:49.2,50.58 2 0
github.com/FalkorDB/redis_exporter/exporter/streams.go:50.58,52.3 1 0
github.com/FalkorDB/redis_exporter/exporter/streams.go:55.2,55.29 1 0
github.com/FalkorDB/redis_exporter/exporter/streams.go:55.29,57.10 2 0
github.com/FalkorDB/redis_exporter/exporter/streams.go:57.10,58.12 1 0
github.com/FalkorDB/redis_exporter/exporter/streams.go:60.3,60.38 1 0
github.com/FalkorDB/redis_exporter/exporter/streams.go:60.38,62.4 1 0
github.com/FalkorDB/redis_exporter/exporter/streams.go:63.3,63.37 1 0
github.com/FalkorDB/redis_exporter/exporter/streams.go:63.37,65.4 1 0
github.com/FalkorDB/redis_exporter/exporter/streams.go:68.2,69.16 2 0
github.com/FalkorDB/redis_exporter/exporter/streams.go:69.16,71.3 1 0
github.com/FalkorDB/redis_exporter/exporter/streams.go:73.2,74.21 2 0
github.com/FalkorDB/redis_exporter/exporter/streams.go:77.59,78.58 1 0
github.com/FalkorDB/redis_exporter/exporter/streams.go:78.58,81.3 2 0
github.com/FalkorDB/redis_exporter/exporter/streams.go:83.2,84.28 2 0
github.com/FalkorDB/redis_exporter/exporter/streams.go:84.28,87.3 2 0
github.com/FalkorDB/redis_exporter/exporter/streams.go:89.2,90.9 2 0
github.com/FalkorDB/redis_exporter/exporter/streams.go:90.9,93.3 2 0
github.com/FalkorDB/redis_exporter/exporter/streams.go:94.2,94.24 1 0
github.com/FalkorDB/redis_exporter/exporter/streams.go:97.80,99.16 2 0
github.com/FalkorDB/redis_exporter/exporter/streams.go:99.16,101.3 1 0
github.com/FalkorDB/redis_exporter/exporter/streams.go:103.2,104.27 2 0
github.com/FalkorDB/redis_exporter/exporter/streams.go:104.27,106.17 2 0
github.com/FalkorDB/redis_exporter/exporter/streams.go:106.17,108.12 2 0
github.com/FalkorDB/redis_exporter/exporter/streams.go:110.3,113.53 3 0
github.com/FalkorDB/redis_exporter/exporter/streams.go:113.53,115.12 2 0
github.com/FalkorDB/redis_exporter/exporter/streams.go:118.3,119.17 2 0
github.com/FalkorDB/redis_exporter/exporter/streams.go:119.17,121.4 1 0
github.com/FalkorDB/redis_exporter/exporter/streams.go:123.3,123.33 1 0
github.com/FalkorDB/redis_exporter/exporter/streams.go:126.2,127.20 2 0
github.com/FalkorDB/redis_exporter/exporter/streams.go:130.110,132.16 2 0
github.com/FalkorDB/redis_exporter/exporter/streams.go:132.16,134.3 1 0
github.com/FalkorDB/redis_exporter/exporter/streams.go:136.2,137.30 2 0
github.com/FalkorDB/redis_exporter/exporter/streams.go:137.30,140.17 2 0
github.com/FalkorDB/redis_exporter/exporter/streams.go:140.17,142.12 2 0
github.com/FalkorDB/redis_exporter/exporter/streams.go:144.3,147.56 3 0
github.com/FalkorDB/redis_exporter/exporter/streams.go:147.56,149.12 2 0
github.com/FalkorDB/redis_exporter/exporter/streams.go:152.3,152.36 1 0
github.com/FalkorDB/redis_exporter/exporter/streams.go:155.2,156.20 2 0
github.com/FalkorDB/redis_exporter/exporter/streams.go:159.43,160.33 1 0
github.com/FalkorDB/redis_exporter/exporter/streams.go:160.33,162.3 1 0
github.com/FalkorDB/redis_exporter/exporter/streams.go:163.2,164.21 2 0
github.com/FalkorDB/redis_exporter/exporter/streams.go:164.21,167.3 2 0
github.com/FalkorDB/redis_exporter/exporter/streams.go:168.2,169.16 2 0
github.com/FalkorDB/redis_exporter/exporter/streams.go:169.16,171.3 1 0
github.com/FalkorDB/redis_exporter/exporter/streams.go:172.2,172.17 1 0
github.com/FalkorDB/redis_exporter/exporter/streams.go:175.84,177.16 2 0
github.com/FalkorDB/redis_exporter/exporter/streams.go:177.16,180.3 2 0
github.com/FalkorDB/redis_exporter/exporter/streams.go:182.2,183.16 2 0
github.com/FalkorDB/redis_exporter/exporter/streams.go:183.16,186.3 2 0
github.com/FalkorDB/redis_exporter/exporter/streams.go:187.2,190.16 3 0
github.com/FalkorDB/redis_exporter/exporter/streams.go:190.16,192.3 1 0
github.com/FalkorDB/redis_exporter/exporter/streams.go:192.8,194.3 1 0
github.com/FalkorDB/redis_exporter/exporter/streams.go:196.2,197.31 2 0
github.com/FalkorDB/redis_exporter/exporter/streams.go:197.31,198.58 1 0
github.com/FalkorDB/redis_exporter/exporter/streams.go:198.58,200.12 2 0
github.com/FalkorDB/redis_exporter/exporter/streams.go:202.3,203.17 2 0
github.com/FalkorDB/redis_exporter/exporter/streams.go:203.17,205.12 2 0
github.com/FalkorDB/redis_exporter/exporter/streams.go:207.3,218.43 10 0
github.com/FalkorDB/redis_exporter/exporter/streams.go:218.43,224.48 6 0
github.com/FalkorDB/redis_exporter/exporter/streams.go:224.48,225.50 1 0
github.com/FalkorDB/redis_exporter/exporter/streams.go:225.50,228.6 2 0
github.com/FalkorDB/redis_exporter/exporter/tile38.go:11.84,13.16 2 0
github.com/FalkorDB/redis_exporter/exporter/tile38.go:13.16,16.3 2 0
github.com/FalkorDB/redis_exporter/exporter/tile38.go:18.2,18.38 1 0
github.com/FalkorDB/redis_exporter/exporter/tile38.go:18.38,20.46 2 0
github.com/FalkorDB/redis_exporter/exporter/tile38.go:20.46,22.4 1 0
github.com/FalkorDB/redis_exporter/exporter/tile38.go:24.3,27.33 3 0
github.com/FalkorDB/redis_exporter/exporter/tile38.go:27.33,28.12 1 0
github.com/FalkorDB/redis_exporter/exporter/tile38.go:31.3,31.58 1 0
github.com/FalkorDB/redis_exporter/exporter/tls.go:13.65,18.69 2 0
github.com/FalkorDB/redis_exporter/exporter/tls.go:18.69,20.17 2 0
github.com/FalkorDB/redis_exporter/exporter/tls.go:20.17,22.4 1 0
github.com/FalkorDB/redis_exporter/exporter/tls.go:23.3,23.52 1 0
github.com/FalkorDB/redis_exporter/exporter/tls.go:26.2,26.32 1 0
github.com/FalkorDB/redis_exporter/exporter/tls.go:26.32,28.17 2 0
github.com/FalkorDB/redis_exporter/exporter/tls.go:28.17,30.4 1 0
github.com/FalkorDB/redis_exporter/exporter/tls.go:31.3,31.35 1 0
github.com/FalkorDB/redis_exporter/exporter/tls.go:32.8,35.17 2 0
github.com/FalkorDB/redis_exporter/exporter/tls.go:35.17,37.4 1 0
github.com/FalkorDB/redis_exporter/exporter/tls.go:39.3,39.30 1 0
github.com/FalkorDB/redis_exporter/exporter/tls.go:42.2,42.24 1 0
github.com/FalkorDB/redis_exporter/exporter/tls.go:53.119,56.16 2 0
github.com/FalkorDB/redis_exporter/exporter/tls.go:56.16,58.3 1 0
github.com/FalkorDB/redis_exporter/exporter/tls.go:61.2,62.9 2 0
github.com/FalkorDB/redis_exporter/exporter/tls.go:62.9,64.3 1 0
github.com/FalkorDB/redis_exporter/exporter/tls.go:66.2,71.22 2 0
github.com/FalkorDB/redis_exporter/exporter/tls.go:71.22,74.17 2 0
github.com/FalkorDB/redis_exporter/exporter/tls.go:74.17,76.4 1 0
github.com/FalkorDB/redis_exporter/exporter/tls.go:77.3,77.87 1 0
github.com/FalkorDB/redis_exporter/exporter/tls.go:80.2,80.24 1 0
github.com/FalkorDB/redis_exporter/exporter/tls.go:84.110,85.62 1 0
github.com/FalkorDB/redis_exporter/exporter/tls.go:85.62,87.3 1 0
github.com/FalkorDB/redis_exporter/exporter/tls.go:91.115,92.57 1 0
github.com/FalkorDB/redis_exporter/exporter/tls.go:92.57,94.17 2 0
github.com/FalkorDB/redis_exporter/exporter/tls.go:94.17,96.4 1 0
github.com/FalkorDB/redis_exporter/exporter/tls.go:98.3,103.25 2 0
github.com/FalkorDB/redis_exporter/exporter/tls.go:109.70,112.16 3 0
github.com/FalkorDB/redis_exporter/exporter/tls.go:112.16,114.3 1 0
github.com/FalkorDB/redis_exporter/exporter/tls.go:115.2,115.19 1 0
github.com/FalkorDB/redis_exporter/exporter/tls.go:120.56,123.16 3 0
github.com/FalkorDB/redis_exporter/exporter/tls.go:123.16,125.3 1 0
github.com/FalkorDB/redis_exporter/exporter/tls.go:126.2,128.18 3 0
