mode: set
github.com/FalkorDB/redis_exporter/main.go:33.51,34.41 1 0
github.com/FalkorDB/redis_exporter/main.go:34.41,36.3 1 0
github.com/FalkorDB/redis_exporter/main.go:37.2,37.19 1 0
github.com/FalkorDB/redis_exporter/main.go:40.51,41.41 1 0
github.com/FalkorDB/redis_exporter/main.go:41.41,43.17 2 0
github.com/FalkorDB/redis_exporter/main.go:43.17,45.4 1 0
github.com/FalkorDB/redis_exporter/main.go:47.2,47.19 1 0
github.com/FalkorDB/redis_exporter/main.go:50.54,51.41 1 0
github.com/FalkorDB/redis_exporter/main.go:51.41,53.17 2 0
github.com/FalkorDB/redis_exporter/main.go:53.17,55.4 1 0
github.com/FalkorDB/redis_exporter/main.go:57.2,57.19 1 0
github.com/FalkorDB/redis_exporter/main.go:60.73,61.41 1 1
github.com/FalkorDB/redis_exporter/main.go:61.41,63.17 2 1
github.com/FalkorDB/redis_exporter/main.go:63.17,65.4 1 1
github.com/FalkorDB/redis_exporter/main.go:67.2,67.19 1 1
github.com/FalkorDB/redis_exporter/main.go:71.53,72.32 1 0
github.com/FalkorDB/redis_exporter/main.go:73.15,74.29 1 0
github.com/FalkorDB/redis_exporter/main.go:75.14,76.28 1 0
github.com/FalkorDB/redis_exporter/main.go:77.25,78.28 1 0
github.com/FalkorDB/redis_exporter/main.go:79.15,80.29 1 0
github.com/FalkorDB/redis_exporter/main.go:81.10,82.66 1 0
github.com/FalkorDB/redis_exporter/main.go:87.62,88.41 1 0
github.com/FalkorDB/redis_exporter/main.go:88.41,90.3 1 0
github.com/FalkorDB/redis_exporter/main.go:91.2,91.12 1 0
github.com/FalkorDB/redis_exporter/main.go:94.80,95.60 1 0
github.com/FalkorDB/redis_exporter/main.go:95.60,97.3 1 0
github.com/FalkorDB/redis_exporter/main.go:98.2,98.33 1 0
github.com/FalkorDB/redis_exporter/main.go:98.33,101.3 2 0
github.com/FalkorDB/redis_exporter/main.go:102.2,102.12 1 0
github.com/FalkorDB/redis_exporter/main.go:106.64,107.22 1 0
github.com/FalkorDB/redis_exporter/main.go:107.22,109.3 1 0
github.com/FalkorDB/redis_exporter/main.go:111.2,114.33 3 0
github.com/FalkorDB/redis_exporter/main.go:114.33,116.17 2 0
github.com/FalkorDB/redis_exporter/main.go:116.17,118.4 1 0
github.com/FalkorDB/redis_exporter/main.go:119.3,119.29 1 0
github.com/FalkorDB/redis_exporter/main.go:122.2,122.16 1 0
github.com/FalkorDB/redis_exporter/main.go:126.67,127.19 1 0
github.com/FalkorDB/redis_exporter/main.go:128.14,129.41 1 0
github.com/FalkorDB/redis_exporter/main.go:130.10,131.41 1 0
github.com/FalkorDB/redis_exporter/main.go:134.2,135.13 2 0
github.com/FalkorDB/redis_exporter/main.go:135.13,137.3 1 0
github.com/FalkorDB/redis_exporter/main.go:137.8,139.17 2 0
github.com/FalkorDB/redis_exporter/main.go:139.17,141.4 1 0
github.com/FalkorDB/redis_exporter/main.go:144.2,145.12 2 0
github.com/FalkorDB/redis_exporter/main.go:149.97,151.23 2 0
github.com/FalkorDB/redis_exporter/main.go:151.23,156.27 2 0
github.com/FalkorDB/redis_exporter/main.go:156.27,161.4 1 0
github.com/FalkorDB/redis_exporter/main.go:163.2,163.17 1 0
github.com/FalkorDB/redis_exporter/main.go:166.13,234.18 3 0
github.com/FalkorDB/redis_exporter/main.go:234.18,236.3 1 0
github.com/FalkorDB/redis_exporter/main.go:237.2,243.18 2 0
github.com/FalkorDB/redis_exporter/main.go:243.18,245.3 1 0
github.com/FalkorDB/redis_exporter/main.go:247.2,247.70 1 0
github.com/FalkorDB/redis_exporter/main.go:247.70,249.3 1 0
github.com/FalkorDB/redis_exporter/main.go:250.2,250.14 1 0
github.com/FalkorDB/redis_exporter/main.go:250.14,252.3 1 0
github.com/FalkorDB/redis_exporter/main.go:253.2,256.16 3 0
github.com/FalkorDB/redis_exporter/main.go:256.16,258.3 1 0
github.com/FalkorDB/redis_exporter/main.go:260.2,261.44 2 0
github.com/FalkorDB/redis_exporter/main.go:261.44,263.17 2 0
github.com/FalkorDB/redis_exporter/main.go:263.17,265.4 1 0
github.com/FalkorDB/redis_exporter/main.go:268.2,269.16 2 0
github.com/FalkorDB/redis_exporter/main.go:269.16,271.3 1 0
github.com/FalkorDB/redis_exporter/main.go:273.2,339.16 3 0
github.com/FalkorDB/redis_exporter/main.go:339.16,341.3 1 0
github.com/FalkorDB/redis_exporter/main.go:343.2,343.87 1 0
github.com/FalkorDB/redis_exporter/main.go:343.87,345.3 1 0
github.com/FalkorDB/redis_exporter/main.go:348.2,348.87 1 0
github.com/FalkorDB/redis_exporter/main.go:348.87,350.3 1 0
github.com/FalkorDB/redis_exporter/main.go:351.2,352.16 2 0
github.com/FalkorDB/redis_exporter/main.go:352.16,354.3 1 0
github.com/FalkorDB/redis_exporter/main.go:356.2,362.12 4 0
github.com/FalkorDB/redis_exporter/main.go:362.12,363.58 1 0
github.com/FalkorDB/redis_exporter/main.go:363.58,367.18 3 0
github.com/FalkorDB/redis_exporter/main.go:367.18,369.5 1 0
github.com/FalkorDB/redis_exporter/main.go:370.4,371.100 2 0
github.com/FalkorDB/redis_exporter/main.go:371.100,373.5 1 0
github.com/FalkorDB/redis_exporter/main.go:374.9,375.91 1 0
github.com/FalkorDB/redis_exporter/main.go:375.91,377.5 1 0
github.com/FalkorDB/redis_exporter/main.go:382.2,391.45 7 0
github.com/FalkorDB/redis_exporter/main.go:391.45,393.3 1 0
github.com/FalkorDB/redis_exporter/main.go:394.2,394.42 1 0
